mode: atomic
github.com/aptlogica/sereni-email-smtp/internal/config/config.go:28.27,46.2 4 4
github.com/aptlogica/sereni-email-smtp/internal/config/config.go:49.35,51.28 2 4
github.com/aptlogica/sereni-email-smtp/internal/config/config.go:51.28,53.3 1 0
github.com/aptlogica/sereni-email-smtp/internal/config/config.go:54.2,54.28 1 4
github.com/aptlogica/sereni-email-smtp/internal/config/config.go:54.28,56.3 1 0
github.com/aptlogica/sereni-email-smtp/internal/config/config.go:57.2,57.25 1 4
github.com/aptlogica/sereni-email-smtp/internal/config/config.go:57.25,59.3 1 0
github.com/aptlogica/sereni-email-smtp/internal/config/config.go:60.2,60.22 1 4
github.com/aptlogica/sereni-email-smtp/internal/config/config.go:60.22,61.67 1 0
github.com/aptlogica/sereni-email-smtp/internal/config/config.go:65.51,66.19 1 0
github.com/aptlogica/sereni-email-smtp/internal/config/config.go:66.19,68.3 1 0
github.com/aptlogica/sereni-email-smtp/internal/config/config.go:69.2,70.32 2 0
github.com/aptlogica/sereni-email-smtp/internal/config/config.go:70.32,72.3 1 0
github.com/aptlogica/sereni-email-smtp/internal/config/config.go:73.2,73.15 1 0
github.com/aptlogica/sereni-email-smtp/internal/config/config.go:75.46,76.42 1 37
github.com/aptlogica/sereni-email-smtp/internal/config/config.go:76.42,78.3 1 21
github.com/aptlogica/sereni-email-smtp/internal/config/config.go:79.2,79.21 1 16
github.com/aptlogica/sereni-email-smtp/internal/config/config.go:82.52,83.42 1 14
github.com/aptlogica/sereni-email-smtp/internal/config/config.go:83.42,84.55 1 9
github.com/aptlogica/sereni-email-smtp/internal/config/config.go:84.55,86.4 1 7
github.com/aptlogica/sereni-email-smtp/internal/config/config.go:88.2,88.21 1 7
github.com/aptlogica/sereni-email-smtp/internal/email/generate_otp.go:18.27,21.16 3 11315
github.com/aptlogica/sereni-email-smtp/internal/email/generate_otp.go:21.16,24.3 1 0
github.com/aptlogica/sereni-email-smtp/internal/email/generate_otp.go:25.2,25.67 1 11315
github.com/aptlogica/sereni-email-smtp/internal/email/generate_otp.go:29.38,32.2 2 323
github.com/aptlogica/sereni-email-smtp/internal/email/generate_otp.go:35.45,36.27 1 33
github.com/aptlogica/sereni-email-smtp/internal/email/generate_otp.go:36.27,37.23 1 236
github.com/aptlogica/sereni-email-smtp/internal/email/generate_otp.go:37.23,39.4 1 11
github.com/aptlogica/sereni-email-smtp/internal/email/generate_otp.go:41.2,41.13 1 22
github.com/aptlogica/sereni-email-smtp/internal/email/generate_otp.go:45.41,47.2 1 10245
github.com/aptlogica/sereni-email-smtp/internal/email/security.go:25.56,31.2 1 102
github.com/aptlogica/sereni-email-smtp/internal/email/security.go:43.78,44.18 1 35
github.com/aptlogica/sereni-email-smtp/internal/email/security.go:44.18,46.3 1 1
github.com/aptlogica/sereni-email-smtp/internal/email/security.go:49.2,53.16 3 34
github.com/aptlogica/sereni-email-smtp/internal/email/security.go:53.16,55.3 1 1
github.com/aptlogica/sereni-email-smtp/internal/email/security.go:58.2,58.28 1 33
github.com/aptlogica/sereni-email-smtp/internal/email/security.go:58.28,60.3 1 1
github.com/aptlogica/sereni-email-smtp/internal/email/security.go:62.2,62.19 1 32
github.com/aptlogica/sereni-email-smtp/internal/email/security.go:62.19,64.3 1 9
github.com/aptlogica/sereni-email-smtp/internal/email/security.go:66.2,66.68 1 32
github.com/aptlogica/sereni-email-smtp/internal/email/security.go:66.68,68.3 1 8
github.com/aptlogica/sereni-email-smtp/internal/email/security.go:71.2,71.37 1 24
github.com/aptlogica/sereni-email-smtp/internal/email/security.go:71.37,73.3 1 1
github.com/aptlogica/sereni-email-smtp/internal/email/security.go:76.2,76.26 1 23
github.com/aptlogica/sereni-email-smtp/internal/email/security.go:76.26,78.3 1 1
github.com/aptlogica/sereni-email-smtp/internal/email/security.go:81.2,81.65 1 22
github.com/aptlogica/sereni-email-smtp/internal/email/security.go:81.65,83.3 1 3
github.com/aptlogica/sereni-email-smtp/internal/email/security.go:86.2,86.36 1 19
github.com/aptlogica/sereni-email-smtp/internal/email/security.go:86.36,88.3 1 1
github.com/aptlogica/sereni-email-smtp/internal/email/security.go:91.2,91.32 1 18
github.com/aptlogica/sereni-email-smtp/internal/email/security.go:95.74,96.45 1 32
github.com/aptlogica/sereni-email-smtp/internal/email/security.go:96.45,98.3 1 1
github.com/aptlogica/sereni-email-smtp/internal/email/security.go:99.2,99.43 1 31
github.com/aptlogica/sereni-email-smtp/internal/email/security.go:99.43,101.3 1 2
github.com/aptlogica/sereni-email-smtp/internal/email/security.go:102.2,102.43 1 29
github.com/aptlogica/sereni-email-smtp/internal/email/security.go:102.43,104.3 1 5
github.com/aptlogica/sereni-email-smtp/internal/email/security.go:105.2,105.12 1 24
github.com/aptlogica/sereni-email-smtp/internal/email/security.go:109.50,112.2 2 24
github.com/aptlogica/sereni-email-smtp/internal/email/security.go:115.83,116.37 1 22
github.com/aptlogica/sereni-email-smtp/internal/email/security.go:116.37,118.3 1 11
github.com/aptlogica/sereni-email-smtp/internal/email/security.go:120.2,121.47 2 11
github.com/aptlogica/sereni-email-smtp/internal/email/security.go:121.47,124.68 2 11
github.com/aptlogica/sereni-email-smtp/internal/email/security.go:124.68,126.4 1 8
github.com/aptlogica/sereni-email-smtp/internal/email/security.go:129.2,129.95 1 3
github.com/aptlogica/sereni-email-smtp/internal/email/security.go:137.117,138.17 1 51
github.com/aptlogica/sereni-email-smtp/internal/email/security.go:138.17,140.3 1 1
github.com/aptlogica/sereni-email-smtp/internal/email/security.go:142.2,144.31 2 50
github.com/aptlogica/sereni-email-smtp/internal/email/security.go:144.31,146.17 2 97
github.com/aptlogica/sereni-email-smtp/internal/email/security.go:146.17,148.4 1 7
github.com/aptlogica/sereni-email-smtp/internal/email/security.go:149.3,149.34 1 90
github.com/aptlogica/sereni-email-smtp/internal/email/security.go:152.2,152.23 1 43
github.com/aptlogica/sereni-email-smtp/internal/email/security.go:157.109,158.27 1 97
github.com/aptlogica/sereni-email-smtp/internal/email/security.go:159.14,160.30 1 66
github.com/aptlogica/sereni-email-smtp/internal/email/security.go:160.30,163.18 2 19
github.com/aptlogica/sereni-email-smtp/internal/email/security.go:163.18,165.5 1 6
github.com/aptlogica/sereni-email-smtp/internal/email/security.go:166.4,166.28 1 13
github.com/aptlogica/sereni-email-smtp/internal/email/security.go:169.3,169.35 1 47
github.com/aptlogica/sereni-email-smtp/internal/email/security.go:170.33,172.16 1 28
github.com/aptlogica/sereni-email-smtp/internal/email/security.go:173.30,176.17 2 2
github.com/aptlogica/sereni-email-smtp/internal/email/security.go:176.17,178.4 1 1
github.com/aptlogica/sereni-email-smtp/internal/email/security.go:179.3,179.30 1 1
github.com/aptlogica/sereni-email-smtp/internal/email/security.go:180.10,182.54 1 1
github.com/aptlogica/sereni-email-smtp/internal/email/security.go:187.42,189.46 2 66
github.com/aptlogica/sereni-email-smtp/internal/email/security.go:189.46,190.41 1 301
github.com/aptlogica/sereni-email-smtp/internal/email/security.go:190.41,192.4 1 19
github.com/aptlogica/sereni-email-smtp/internal/email/security.go:194.2,194.14 1 47
github.com/aptlogica/sereni-email-smtp/internal/email/security.go:199.96,200.22 1 7
github.com/aptlogica/sereni-email-smtp/internal/email/security.go:200.22,202.3 1 1
github.com/aptlogica/sereni-email-smtp/internal/email/security.go:205.2,209.30 3 6
github.com/aptlogica/sereni-email-smtp/internal/email/security.go:209.30,211.3 1 1
github.com/aptlogica/sereni-email-smtp/internal/email/security.go:213.2,213.40 1 5
github.com/aptlogica/sereni-email-smtp/internal/email/security.go:213.40,215.60 2 5
github.com/aptlogica/sereni-email-smtp/internal/email/security.go:215.60,217.4 1 4
github.com/aptlogica/sereni-email-smtp/internal/email/security.go:220.2,220.75 1 1
github.com/aptlogica/sereni-email-smtp/internal/email/security.go:225.49,240.35 3 36
github.com/aptlogica/sereni-email-smtp/internal/email/security.go:240.35,244.3 2 468
github.com/aptlogica/sereni-email-smtp/internal/email/security.go:246.2,246.18 1 36
github.com/aptlogica/sereni-email-smtp/internal/email/service.go:29.42,31.2 1 92
github.com/aptlogica/sereni-email-smtp/internal/email/service.go:34.48,36.16 2 162
github.com/aptlogica/sereni-email-smtp/internal/email/service.go:36.16,40.3 1 4
github.com/aptlogica/sereni-email-smtp/internal/email/service.go:41.2,41.21 1 158
github.com/aptlogica/sereni-email-smtp/internal/email/service.go:41.21,43.3 1 157
github.com/aptlogica/sereni-email-smtp/internal/email/service.go:44.2,44.22 1 1
github.com/aptlogica/sereni-email-smtp/internal/email/service.go:49.40,51.2 1 88
github.com/aptlogica/sereni-email-smtp/internal/email/service.go:59.83,60.46 1 78
github.com/aptlogica/sereni-email-smtp/internal/email/service.go:60.46,62.3 1 0
github.com/aptlogica/sereni-email-smtp/internal/email/service.go:63.2,63.49 1 78
github.com/aptlogica/sereni-email-smtp/internal/email/service.go:63.49,65.3 1 0
github.com/aptlogica/sereni-email-smtp/internal/email/service.go:66.2,66.26 1 78
github.com/aptlogica/sereni-email-smtp/internal/email/service.go:66.26,67.47 1 82
github.com/aptlogica/sereni-email-smtp/internal/email/service.go:67.47,69.4 1 0
github.com/aptlogica/sereni-email-smtp/internal/email/service.go:71.2,71.47 1 78
github.com/aptlogica/sereni-email-smtp/internal/email/service.go:71.47,73.3 1 0
github.com/aptlogica/sereni-email-smtp/internal/email/service.go:74.2,74.12 1 78
github.com/aptlogica/sereni-email-smtp/internal/email/service.go:106.128,119.55 2 93
github.com/aptlogica/sereni-email-smtp/internal/email/service.go:119.55,121.3 1 1
github.com/aptlogica/sereni-email-smtp/internal/email/service.go:124.2,126.16 2 93
github.com/aptlogica/sereni-email-smtp/internal/email/service.go:130.77,138.2 3 1
github.com/aptlogica/sereni-email-smtp/internal/email/service.go:140.89,143.16 2 79
github.com/aptlogica/sereni-email-smtp/internal/email/service.go:143.16,145.3 1 1
github.com/aptlogica/sereni-email-smtp/internal/email/service.go:150.2,150.108 1 78
github.com/aptlogica/sereni-email-smtp/internal/email/service.go:150.108,152.3 1 0
github.com/aptlogica/sereni-email-smtp/internal/email/service.go:155.2,155.29 1 78
github.com/aptlogica/sereni-email-smtp/internal/email/service.go:155.29,157.3 1 54
github.com/aptlogica/sereni-email-smtp/internal/email/service.go:159.2,167.16 4 24
github.com/aptlogica/sereni-email-smtp/internal/email/service.go:167.16,169.3 1 2
github.com/aptlogica/sereni-email-smtp/internal/email/service.go:170.2,173.75 2 22
github.com/aptlogica/sereni-email-smtp/internal/email/service.go:173.75,175.3 1 2
github.com/aptlogica/sereni-email-smtp/internal/email/service.go:177.2,177.72 1 20
github.com/aptlogica/sereni-email-smtp/internal/email/service.go:182.183,186.26 3 79
github.com/aptlogica/sereni-email-smtp/internal/email/service.go:186.26,188.3 1 83
github.com/aptlogica/sereni-email-smtp/internal/email/service.go:193.2,194.12 2 79
github.com/aptlogica/sereni-email-smtp/internal/email/service.go:194.12,196.3 1 30
github.com/aptlogica/sereni-email-smtp/internal/email/service.go:196.8,198.3 1 49
github.com/aptlogica/sereni-email-smtp/internal/email/service.go:201.2,202.25 2 79
github.com/aptlogica/sereni-email-smtp/internal/email/service.go:202.25,204.3 1 1
github.com/aptlogica/sereni-email-smtp/internal/email/service.go:206.2,206.73 1 79
github.com/aptlogica/sereni-email-smtp/internal/email/service.go:210.92,211.12 1 24
github.com/aptlogica/sereni-email-smtp/internal/email/service.go:211.12,219.3 1 2
github.com/aptlogica/sereni-email-smtp/internal/email/service.go:220.2,226.3 1 22
github.com/aptlogica/sereni-email-smtp/internal/email/service.go:230.102,232.40 1 20
github.com/aptlogica/sereni-email-smtp/internal/email/service.go:232.40,234.3 1 2
github.com/aptlogica/sereni-email-smtp/internal/email/service.go:237.2,237.40 1 18
github.com/aptlogica/sereni-email-smtp/internal/email/service.go:237.40,239.3 1 2
github.com/aptlogica/sereni-email-smtp/internal/email/service.go:241.2,241.26 1 16
github.com/aptlogica/sereni-email-smtp/internal/email/service.go:241.26,242.41 1 18
github.com/aptlogica/sereni-email-smtp/internal/email/service.go:242.41,244.4 1 2
github.com/aptlogica/sereni-email-smtp/internal/email/service.go:247.2,248.16 2 14
github.com/aptlogica/sereni-email-smtp/internal/email/service.go:248.16,250.3 1 2
github.com/aptlogica/sereni-email-smtp/internal/email/service.go:260.2,260.57 1 12
github.com/aptlogica/sereni-email-smtp/internal/email/service.go:260.57,262.3 1 2
github.com/aptlogica/sereni-email-smtp/internal/email/service.go:264.2,264.39 1 10
github.com/aptlogica/sereni-email-smtp/internal/email/service.go:264.39,266.3 1 2
github.com/aptlogica/sereni-email-smtp/internal/email/service.go:268.2,268.20 1 8
github.com/aptlogica/sereni-email-smtp/internal/email/service.go:282.113,283.33 1 12
github.com/aptlogica/sereni-email-smtp/internal/email/service.go:283.33,285.3 1 6
github.com/aptlogica/sereni-email-smtp/internal/email/service.go:286.2,293.20 7 6
github.com/aptlogica/sereni-email-smtp/internal/email/service.go:293.20,295.3 1 1
github.com/aptlogica/sereni-email-smtp/internal/email/service.go:296.2,298.39 2 6
github.com/aptlogica/sereni-email-smtp/internal/email/service.go:298.39,299.31 1 19
github.com/aptlogica/sereni-email-smtp/internal/email/service.go:299.31,303.12 4 4
github.com/aptlogica/sereni-email-smtp/internal/email/service.go:305.3,306.25 2 15
github.com/aptlogica/sereni-email-smtp/internal/email/service.go:306.25,309.17 3 15
github.com/aptlogica/sereni-email-smtp/internal/email/service.go:309.17,309.32 1 15
github.com/aptlogica/sereni-email-smtp/internal/email/service.go:311.4,312.18 2 15
github.com/aptlogica/sereni-email-smtp/internal/email/service.go:312.18,316.5 3 3
github.com/aptlogica/sereni-email-smtp/internal/email/service.go:320.2,321.26 2 6
github.com/aptlogica/sereni-email-smtp/internal/email/service.go:324.90,326.23 1 18
github.com/aptlogica/sereni-email-smtp/internal/email/service.go:326.23,328.3 1 4
github.com/aptlogica/sereni-email-smtp/internal/email/service.go:331.2,354.16 9 14
github.com/aptlogica/sereni-email-smtp/internal/email/service.go:354.16,356.3 1 2
github.com/aptlogica/sereni-email-smtp/internal/email/service.go:358.2,358.17 1 12
github.com/aptlogica/sereni-email-smtp/internal/email/service.go:361.59,367.47 5 12
github.com/aptlogica/sereni-email-smtp/internal/email/service.go:367.47,369.3 1 8
github.com/aptlogica/sereni-email-smtp/internal/email/service.go:370.2,371.13 2 4
github.com/aptlogica/sereni-email-smtp/internal/email/service.go:374.77,376.35 1 15
github.com/aptlogica/sereni-email-smtp/internal/email/service.go:376.35,378.3 1 5
github.com/aptlogica/sereni-email-smtp/internal/email/service.go:381.2,384.28 3 10
github.com/aptlogica/sereni-email-smtp/internal/email/service.go:384.28,386.17 2 2
github.com/aptlogica/sereni-email-smtp/internal/email/service.go:386.17,388.4 1 1
github.com/aptlogica/sereni-email-smtp/internal/email/service.go:389.3,390.22 2 1
github.com/aptlogica/sereni-email-smtp/internal/email/service.go:394.2,397.82 3 9
github.com/aptlogica/sereni-email-smtp/internal/email/service.go:400.46,404.21 3 93
github.com/aptlogica/sereni-email-smtp/internal/email/service.go:404.21,406.39 2 0
github.com/aptlogica/sereni-email-smtp/internal/email/service.go:406.39,407.38 1 0
github.com/aptlogica/sereni-email-smtp/internal/email/service.go:407.38,409.5 1 0
github.com/aptlogica/sereni-email-smtp/internal/email/service.go:411.3,411.20 1 0
github.com/aptlogica/sereni-email-smtp/internal/email/service.go:415.49,417.2 1 32
github.com/aptlogica/sereni-email-smtp/internal/email/templates.go:120.114,124.13 4 44
github.com/aptlogica/sereni-email-smtp/internal/email/templates.go:124.13,126.3 1 7
github.com/aptlogica/sereni-email-smtp/internal/email/templates.go:129.2,134.16 5 37
github.com/aptlogica/sereni-email-smtp/internal/email/templates.go:134.16,136.3 1 2
github.com/aptlogica/sereni-email-smtp/internal/email/templates.go:139.2,140.9 2 35
github.com/aptlogica/sereni-email-smtp/internal/email/templates.go:140.9,143.17 3 5
github.com/aptlogica/sereni-email-smtp/internal/email/templates.go:143.17,145.4 1 0
github.com/aptlogica/sereni-email-smtp/internal/email/templates.go:147.2,148.66 2 35
github.com/aptlogica/sereni-email-smtp/internal/email/templates.go:148.66,150.3 1 0
github.com/aptlogica/sereni-email-smtp/internal/email/templates.go:153.2,154.9 2 35
github.com/aptlogica/sereni-email-smtp/internal/email/templates.go:154.9,157.17 3 5
github.com/aptlogica/sereni-email-smtp/internal/email/templates.go:157.17,159.4 1 0
github.com/aptlogica/sereni-email-smtp/internal/email/templates.go:161.2,162.66 2 35
github.com/aptlogica/sereni-email-smtp/internal/email/templates.go:162.66,164.3 1 0
github.com/aptlogica/sereni-email-smtp/internal/email/templates.go:166.2,166.48 1 35
github.com/aptlogica/sereni-email-smtp/internal/email/templates.go:170.74,174.2 3 8
github.com/aptlogica/sereni-email-smtp/internal/email/templates.go:177.72,180.2 2 10
github.com/aptlogica/sereni-email-smtp/internal/email/templates.go:183.120,185.16 2 27
github.com/aptlogica/sereni-email-smtp/internal/email/templates.go:185.16,187.3 1 5
github.com/aptlogica/sereni-email-smtp/internal/email/templates.go:189.2,189.50 1 22
github.com/aptlogica/sereni-email-smtp/internal/email/templates.go:193.58,196.40 3 9
github.com/aptlogica/sereni-email-smtp/internal/email/templates.go:196.40,198.3 1 74
github.com/aptlogica/sereni-email-smtp/internal/email/templates.go:199.2,200.18 2 9
github.com/aptlogica/sereni-email-smtp/internal/handlers/email_handler.go:21.33,23.2 1 35
github.com/aptlogica/sereni-email-smtp/internal/handlers/email_handler.go:29.65,31.2 1 22
github.com/aptlogica/sereni-email-smtp/internal/handlers/email_handler.go:44.50,46.47 2 8
github.com/aptlogica/sereni-email-smtp/internal/handlers/email_handler.go:46.47,49.3 2 2
github.com/aptlogica/sereni-email-smtp/internal/handlers/email_handler.go:50.2,50.28 1 6
github.com/aptlogica/sereni-email-smtp/internal/handlers/email_handler.go:50.28,52.3 1 6
github.com/aptlogica/sereni-email-smtp/internal/handlers/email_handler.go:53.2,56.37 3 6
github.com/aptlogica/sereni-email-smtp/internal/handlers/email_handler.go:56.37,59.3 2 1
github.com/aptlogica/sereni-email-smtp/internal/handlers/email_handler.go:60.2,61.16 2 5
github.com/aptlogica/sereni-email-smtp/internal/handlers/email_handler.go:61.16,67.3 2 2
github.com/aptlogica/sereni-email-smtp/internal/handlers/email_handler.go:69.2,72.4 1 3
github.com/aptlogica/sereni-email-smtp/internal/handlers/email_handler.go:86.54,88.47 2 8
github.com/aptlogica/sereni-email-smtp/internal/handlers/email_handler.go:88.47,91.3 2 2
github.com/aptlogica/sereni-email-smtp/internal/handlers/email_handler.go:92.2,92.35 1 6
github.com/aptlogica/sereni-email-smtp/internal/handlers/email_handler.go:92.35,94.3 1 11
github.com/aptlogica/sereni-email-smtp/internal/handlers/email_handler.go:95.2,99.16 4 6
github.com/aptlogica/sereni-email-smtp/internal/handlers/email_handler.go:99.16,105.3 2 2
github.com/aptlogica/sereni-email-smtp/internal/handlers/email_handler.go:107.2,112.27 2 4
github.com/aptlogica/sereni-email-smtp/internal/handlers/email_handler.go:112.27,115.3 2 2
github.com/aptlogica/sereni-email-smtp/internal/handlers/email_handler.go:117.2,117.33 1 4
github.com/aptlogica/sereni-email-smtp/internal/handlers/email_handler.go:131.52,133.47 2 7
github.com/aptlogica/sereni-email-smtp/internal/handlers/email_handler.go:133.47,136.3 2 1
github.com/aptlogica/sereni-email-smtp/internal/handlers/email_handler.go:137.2,138.33 2 6
github.com/aptlogica/sereni-email-smtp/internal/handlers/email_handler.go:138.33,141.3 2 1
github.com/aptlogica/sereni-email-smtp/internal/handlers/email_handler.go:144.2,145.17 2 5
github.com/aptlogica/sereni-email-smtp/internal/handlers/email_handler.go:145.17,147.3 1 2
github.com/aptlogica/sereni-email-smtp/internal/handlers/email_handler.go:150.2,155.4 2 5
github.com/aptlogica/sereni-email-smtp/internal/handlers/email_handler.go:169.50,171.47 2 5
github.com/aptlogica/sereni-email-smtp/internal/handlers/email_handler.go:171.47,174.3 2 1
github.com/aptlogica/sereni-email-smtp/internal/handlers/email_handler.go:176.2,177.14 2 4
github.com/aptlogica/sereni-email-smtp/internal/handlers/email_handler.go:177.14,183.3 2 2
github.com/aptlogica/sereni-email-smtp/internal/handlers/email_handler.go:185.2,188.4 1 2
github.com/aptlogica/sereni-email-smtp/internal/handlers/email_handler.go:198.52,203.2 1 2
github.com/aptlogica/sereni-email-smtp/internal/templatecache/cache.go:21.40,25.2 1 8
github.com/aptlogica/sereni-email-smtp/internal/templatecache/cache.go:27.70,32.2 4 87
github.com/aptlogica/sereni-email-smtp/internal/templatecache/cache.go:34.68,38.2 3 25
github.com/aptlogica/sereni-email-smtp/internal/templatecache/cache.go:40.69,41.35 1 5
github.com/aptlogica/sereni-email-smtp/internal/templatecache/cache.go:41.35,43.17 2 7
github.com/aptlogica/sereni-email-smtp/internal/templatecache/cache.go:43.17,45.4 1 2
github.com/aptlogica/sereni-email-smtp/internal/templatecache/cache.go:46.3,46.21 1 5
github.com/aptlogica/sereni-email-smtp/internal/templatecache/cache.go:48.2,48.12 1 3
github.com/aptlogica/sereni-email-smtp/internal/templatecache/helpers.go:13.93,15.16 2 17
github.com/aptlogica/sereni-email-smtp/internal/templatecache/helpers.go:15.16,17.3 1 2
github.com/aptlogica/sereni-email-smtp/internal/templatecache/helpers.go:18.2,19.18 2 15
github.com/aptlogica/sereni-email-smtp/pkg/middleware/cors.go:11.59,12.30 1 2
github.com/aptlogica/sereni-email-smtp/pkg/middleware/cors.go:12.30,18.36 5 5
github.com/aptlogica/sereni-email-smtp/pkg/middleware/cors.go:18.36,21.4 2 1
github.com/aptlogica/sereni-email-smtp/pkg/middleware/cors.go:23.3,23.11 1 4
