mode: atomic
github.com/aptlogica/sereni-email-smtp/internal/config/config.go:28.27,46.2 4 4
github.com/aptlogica/sereni-email-smtp/internal/config/config.go:49.35,51.28 2 4
github.com/aptlogica/sereni-email-smtp/internal/config/config.go:51.28,53.3 1 0
github.com/aptlogica/sereni-email-smtp/internal/config/config.go:54.2,54.28 1 4
github.com/aptlogica/sereni-email-smtp/internal/config/config.go:54.28,56.3 1 0
github.com/aptlogica/sereni-email-smtp/internal/config/config.go:57.2,57.25 1 4
github.com/aptlogica/sereni-email-smtp/internal/config/config.go:57.25,59.3 1 0
github.com/aptlogica/sereni-email-smtp/internal/config/config.go:60.2,60.22 1 4
github.com/aptlogica/sereni-email-smtp/internal/config/config.go:60.22,61.67 1 0
github.com/aptlogica/sereni-email-smtp/internal/config/config.go:65.51,66.19 1 0
github.com/aptlogica/sereni-email-smtp/internal/config/config.go:66.19,68.3 1 0
github.com/aptlogica/sereni-email-smtp/internal/config/config.go:69.2,70.32 2 0
github.com/aptlogica/sereni-email-smtp/internal/config/config.go:70.32,72.3 1 0
github.com/aptlogica/sereni-email-smtp/internal/config/config.go:73.2,73.15 1 0
github.com/aptlogica/sereni-email-smtp/internal/config/config.go:75.46,76.42 1 37
github.com/aptlogica/sereni-email-smtp/internal/config/config.go:76.42,78.3 1 21
github.com/aptlogica/sereni-email-smtp/internal/config/config.go:79.2,79.21 1 16
github.com/aptlogica/sereni-email-smtp/internal/config/config.go:82.52,83.42 1 14
github.com/aptlogica/sereni-email-smtp/internal/config/config.go:83.42,84.55 1 9
github.com/aptlogica/sereni-email-smtp/internal/config/config.go:84.55,86.4 1 7
github.com/aptlogica/sereni-email-smtp/internal/config/config.go:88.2,88.21 1 7
github.com/aptlogica/sereni-email-smtp/internal/email/generate_otp.go:18.27,21.16 3 11317
github.com/aptlogica/sereni-email-smtp/internal/email/generate_otp.go:21.16,24.3 1 0
github.com/aptlogica/sereni-email-smtp/internal/email/generate_otp.go:25.2,25.67 1 11317
github.com/aptlogica/sereni-email-smtp/internal/email/generate_otp.go:29.38,32.2 2 281
github.com/aptlogica/sereni-email-smtp/internal/email/generate_otp.go:35.45,36.27 1 15
github.com/aptlogica/sereni-email-smtp/internal/email/generate_otp.go:36.27,37.23 1 218
github.com/aptlogica/sereni-email-smtp/internal/email/generate_otp.go:37.23,39.4 1 6
github.com/aptlogica/sereni-email-smtp/internal/email/generate_otp.go:41.2,41.13 1 9
github.com/aptlogica/sereni-email-smtp/internal/email/generate_otp.go:45.41,47.2 1 10245
github.com/aptlogica/sereni-email-smtp/internal/email/service.go:42.128,54.55 2 79
github.com/aptlogica/sereni-email-smtp/internal/email/service.go:54.55,56.3 1 1
github.com/aptlogica/sereni-email-smtp/internal/email/service.go:59.2,61.16 2 79
github.com/aptlogica/sereni-email-smtp/internal/email/service.go:64.89,66.29 1 72
github.com/aptlogica/sereni-email-smtp/internal/email/service.go:66.29,68.3 1 49
github.com/aptlogica/sereni-email-smtp/internal/email/service.go:69.2,73.12 3 23
github.com/aptlogica/sereni-email-smtp/internal/email/service.go:73.12,81.3 1 2
github.com/aptlogica/sereni-email-smtp/internal/email/service.go:81.8,89.3 1 21
github.com/aptlogica/sereni-email-smtp/internal/email/service.go:93.2,94.16 2 23
github.com/aptlogica/sereni-email-smtp/internal/email/service.go:94.16,96.3 1 3
github.com/aptlogica/sereni-email-smtp/internal/email/service.go:97.2,100.75 2 20
github.com/aptlogica/sereni-email-smtp/internal/email/service.go:100.75,102.3 1 2
github.com/aptlogica/sereni-email-smtp/internal/email/service.go:105.2,105.39 1 18
github.com/aptlogica/sereni-email-smtp/internal/email/service.go:105.39,107.3 1 2
github.com/aptlogica/sereni-email-smtp/internal/email/service.go:110.2,110.47 1 16
github.com/aptlogica/sereni-email-smtp/internal/email/service.go:110.47,112.3 1 2
github.com/aptlogica/sereni-email-smtp/internal/email/service.go:114.2,114.26 1 14
github.com/aptlogica/sereni-email-smtp/internal/email/service.go:114.26,115.40 1 16
github.com/aptlogica/sereni-email-smtp/internal/email/service.go:115.40,117.4 1 2
github.com/aptlogica/sereni-email-smtp/internal/email/service.go:120.2,121.16 2 12
github.com/aptlogica/sereni-email-smtp/internal/email/service.go:121.16,123.3 1 2
github.com/aptlogica/sereni-email-smtp/internal/email/service.go:125.2,126.16 2 10
github.com/aptlogica/sereni-email-smtp/internal/email/service.go:126.16,128.3 1 2
github.com/aptlogica/sereni-email-smtp/internal/email/service.go:130.2,131.16 2 8
github.com/aptlogica/sereni-email-smtp/internal/email/service.go:131.16,133.3 1 2
github.com/aptlogica/sereni-email-smtp/internal/email/service.go:135.2,135.20 1 6
github.com/aptlogica/sereni-email-smtp/internal/email/service.go:149.113,150.33 1 12
github.com/aptlogica/sereni-email-smtp/internal/email/service.go:150.33,152.3 1 6
github.com/aptlogica/sereni-email-smtp/internal/email/service.go:153.2,160.20 7 6
github.com/aptlogica/sereni-email-smtp/internal/email/service.go:160.20,162.3 1 1
github.com/aptlogica/sereni-email-smtp/internal/email/service.go:163.2,165.39 2 6
github.com/aptlogica/sereni-email-smtp/internal/email/service.go:165.39,166.31 1 19
github.com/aptlogica/sereni-email-smtp/internal/email/service.go:166.31,170.12 4 4
github.com/aptlogica/sereni-email-smtp/internal/email/service.go:172.3,173.25 2 15
github.com/aptlogica/sereni-email-smtp/internal/email/service.go:173.25,176.17 3 15
github.com/aptlogica/sereni-email-smtp/internal/email/service.go:176.17,176.32 1 15
github.com/aptlogica/sereni-email-smtp/internal/email/service.go:178.4,179.18 2 15
github.com/aptlogica/sereni-email-smtp/internal/email/service.go:179.18,183.5 3 3
github.com/aptlogica/sereni-email-smtp/internal/email/service.go:187.2,188.26 2 6
github.com/aptlogica/sereni-email-smtp/internal/email/service.go:191.90,216.16 9 16
github.com/aptlogica/sereni-email-smtp/internal/email/service.go:216.16,218.3 1 4
github.com/aptlogica/sereni-email-smtp/internal/email/service.go:220.2,220.17 1 12
github.com/aptlogica/sereni-email-smtp/internal/email/service.go:223.59,229.47 5 12
github.com/aptlogica/sereni-email-smtp/internal/email/service.go:229.47,231.3 1 8
github.com/aptlogica/sereni-email-smtp/internal/email/service.go:232.2,233.13 2 4
github.com/aptlogica/sereni-email-smtp/internal/email/service.go:236.77,241.28 3 12
github.com/aptlogica/sereni-email-smtp/internal/email/service.go:241.28,242.36 1 3
github.com/aptlogica/sereni-email-smtp/internal/email/service.go:242.36,244.4 1 1
github.com/aptlogica/sereni-email-smtp/internal/email/service.go:245.3,246.17 2 2
github.com/aptlogica/sereni-email-smtp/internal/email/service.go:246.17,248.4 1 1
github.com/aptlogica/sereni-email-smtp/internal/email/service.go:249.3,250.22 2 1
github.com/aptlogica/sereni-email-smtp/internal/email/service.go:253.2,253.64 1 10
github.com/aptlogica/sereni-email-smtp/internal/email/service.go:256.46,260.21 3 79
github.com/aptlogica/sereni-email-smtp/internal/email/service.go:260.21,262.39 2 0
github.com/aptlogica/sereni-email-smtp/internal/email/service.go:262.39,263.38 1 0
github.com/aptlogica/sereni-email-smtp/internal/email/service.go:263.38,265.5 1 0
github.com/aptlogica/sereni-email-smtp/internal/email/service.go:267.3,267.20 1 0
github.com/aptlogica/sereni-email-smtp/internal/email/service.go:271.49,273.2 1 31
github.com/aptlogica/sereni-email-smtp/internal/email/templates.go:120.114,124.13 4 42
github.com/aptlogica/sereni-email-smtp/internal/email/templates.go:124.13,126.3 1 7
github.com/aptlogica/sereni-email-smtp/internal/email/templates.go:129.2,130.9 2 35
github.com/aptlogica/sereni-email-smtp/internal/email/templates.go:130.9,133.17 3 5
github.com/aptlogica/sereni-email-smtp/internal/email/templates.go:133.17,135.4 1 0
github.com/aptlogica/sereni-email-smtp/internal/email/templates.go:137.2,138.57 2 35
github.com/aptlogica/sereni-email-smtp/internal/email/templates.go:138.57,140.3 1 0
github.com/aptlogica/sereni-email-smtp/internal/email/templates.go:143.2,144.9 2 35
github.com/aptlogica/sereni-email-smtp/internal/email/templates.go:144.9,147.17 3 5
github.com/aptlogica/sereni-email-smtp/internal/email/templates.go:147.17,149.4 1 0
github.com/aptlogica/sereni-email-smtp/internal/email/templates.go:151.2,152.57 2 35
github.com/aptlogica/sereni-email-smtp/internal/email/templates.go:152.57,154.3 1 0
github.com/aptlogica/sereni-email-smtp/internal/email/templates.go:156.2,156.48 1 35
github.com/aptlogica/sereni-email-smtp/internal/email/templates.go:160.74,164.2 3 8
github.com/aptlogica/sereni-email-smtp/internal/email/templates.go:167.72,170.2 2 10
github.com/aptlogica/sereni-email-smtp/internal/email/templates.go:173.120,175.16 2 25
github.com/aptlogica/sereni-email-smtp/internal/email/templates.go:175.16,177.3 1 3
github.com/aptlogica/sereni-email-smtp/internal/email/templates.go:179.2,179.50 1 22
github.com/aptlogica/sereni-email-smtp/internal/email/templates.go:183.58,186.40 3 9
github.com/aptlogica/sereni-email-smtp/internal/email/templates.go:186.40,188.3 1 74
github.com/aptlogica/sereni-email-smtp/internal/email/templates.go:189.2,190.18 2 9
github.com/aptlogica/sereni-email-smtp/internal/handlers/email_handler.go:21.65,23.2 1 20
github.com/aptlogica/sereni-email-smtp/internal/handlers/email_handler.go:36.50,38.47 2 7
github.com/aptlogica/sereni-email-smtp/internal/handlers/email_handler.go:38.47,41.3 2 2
github.com/aptlogica/sereni-email-smtp/internal/handlers/email_handler.go:43.2,44.16 2 5
github.com/aptlogica/sereni-email-smtp/internal/handlers/email_handler.go:44.16,50.3 2 2
github.com/aptlogica/sereni-email-smtp/internal/handlers/email_handler.go:52.2,55.4 1 3
github.com/aptlogica/sereni-email-smtp/internal/handlers/email_handler.go:69.54,71.47 2 8
github.com/aptlogica/sereni-email-smtp/internal/handlers/email_handler.go:71.47,74.3 2 2
github.com/aptlogica/sereni-email-smtp/internal/handlers/email_handler.go:76.2,77.16 2 6
github.com/aptlogica/sereni-email-smtp/internal/handlers/email_handler.go:77.16,83.3 2 2
github.com/aptlogica/sereni-email-smtp/internal/handlers/email_handler.go:85.2,90.27 2 4
github.com/aptlogica/sereni-email-smtp/internal/handlers/email_handler.go:90.27,93.3 2 2
github.com/aptlogica/sereni-email-smtp/internal/handlers/email_handler.go:95.2,95.33 1 4
github.com/aptlogica/sereni-email-smtp/internal/handlers/email_handler.go:109.52,111.47 2 6
github.com/aptlogica/sereni-email-smtp/internal/handlers/email_handler.go:111.47,114.3 2 1
github.com/aptlogica/sereni-email-smtp/internal/handlers/email_handler.go:117.2,118.17 2 5
github.com/aptlogica/sereni-email-smtp/internal/handlers/email_handler.go:118.17,120.3 1 2
github.com/aptlogica/sereni-email-smtp/internal/handlers/email_handler.go:123.2,128.4 2 5
github.com/aptlogica/sereni-email-smtp/internal/handlers/email_handler.go:142.50,144.47 2 5
github.com/aptlogica/sereni-email-smtp/internal/handlers/email_handler.go:144.47,147.3 2 1
github.com/aptlogica/sereni-email-smtp/internal/handlers/email_handler.go:149.2,150.14 2 4
github.com/aptlogica/sereni-email-smtp/internal/handlers/email_handler.go:150.14,156.3 2 2
github.com/aptlogica/sereni-email-smtp/internal/handlers/email_handler.go:158.2,161.4 1 2
github.com/aptlogica/sereni-email-smtp/internal/handlers/email_handler.go:171.52,176.2 1 2
github.com/aptlogica/sereni-email-smtp/internal/templatecache/cache.go:21.40,25.2 1 8
github.com/aptlogica/sereni-email-smtp/internal/templatecache/cache.go:27.70,32.2 4 87
github.com/aptlogica/sereni-email-smtp/internal/templatecache/cache.go:34.68,38.2 3 25
github.com/aptlogica/sereni-email-smtp/internal/templatecache/cache.go:40.69,41.35 1 5
github.com/aptlogica/sereni-email-smtp/internal/templatecache/cache.go:41.35,43.17 2 7
github.com/aptlogica/sereni-email-smtp/internal/templatecache/cache.go:43.17,45.4 1 2
github.com/aptlogica/sereni-email-smtp/internal/templatecache/cache.go:46.3,46.21 1 5
github.com/aptlogica/sereni-email-smtp/internal/templatecache/cache.go:48.2,48.12 1 3
github.com/aptlogica/sereni-email-smtp/internal/templatecache/helpers.go:13.93,15.16 2 17
github.com/aptlogica/sereni-email-smtp/internal/templatecache/helpers.go:15.16,17.3 1 2
github.com/aptlogica/sereni-email-smtp/internal/templatecache/helpers.go:18.2,19.18 2 15
github.com/aptlogica/sereni-email-smtp/pkg/middleware/cors.go:11.59,12.30 1 2
github.com/aptlogica/sereni-email-smtp/pkg/middleware/cors.go:12.30,18.36 5 5
github.com/aptlogica/sereni-email-smtp/pkg/middleware/cors.go:18.36,21.4 2 1
github.com/aptlogica/sereni-email-smtp/pkg/middleware/cors.go:23.3,23.11 1 4
