mode: set
github.com/aptlogica/sereni-email-smtp/internal/config/config.go:28.27,46.2 4 1
github.com/aptlogica/sereni-email-smtp/internal/config/config.go:49.35,51.28 2 1
github.com/aptlogica/sereni-email-smtp/internal/config/config.go:51.28,53.3 1 0
github.com/aptlogica/sereni-email-smtp/internal/config/config.go:54.2,54.28 1 1
github.com/aptlogica/sereni-email-smtp/internal/config/config.go:54.28,56.3 1 0
github.com/aptlogica/sereni-email-smtp/internal/config/config.go:57.2,57.25 1 1
github.com/aptlogica/sereni-email-smtp/internal/config/config.go:57.25,59.3 1 0
github.com/aptlogica/sereni-email-smtp/internal/config/config.go:60.2,60.22 1 1
github.com/aptlogica/sereni-email-smtp/internal/config/config.go:60.22,61.67 1 0
github.com/aptlogica/sereni-email-smtp/internal/config/config.go:65.51,66.19 1 0
github.com/aptlogica/sereni-email-smtp/internal/config/config.go:66.19,68.3 1 0
github.com/aptlogica/sereni-email-smtp/internal/config/config.go:69.2,70.32 2 0
github.com/aptlogica/sereni-email-smtp/internal/config/config.go:70.32,72.3 1 0
github.com/aptlogica/sereni-email-smtp/internal/config/config.go:73.2,73.15 1 0
github.com/aptlogica/sereni-email-smtp/internal/config/config.go:75.46,76.42 1 1
github.com/aptlogica/sereni-email-smtp/internal/config/config.go:76.42,78.3 1 1
github.com/aptlogica/sereni-email-smtp/internal/config/config.go:79.2,79.21 1 1
github.com/aptlogica/sereni-email-smtp/internal/config/config.go:82.52,83.42 1 1
github.com/aptlogica/sereni-email-smtp/internal/config/config.go:83.42,84.55 1 1
github.com/aptlogica/sereni-email-smtp/internal/config/config.go:84.55,86.4 1 1
github.com/aptlogica/sereni-email-smtp/internal/config/config.go:88.2,88.21 1 1
github.com/aptlogica/sereni-email-smtp/internal/email/generate_otp.go:18.27,21.16 3 1
github.com/aptlogica/sereni-email-smtp/internal/email/generate_otp.go:21.16,24.3 1 0
github.com/aptlogica/sereni-email-smtp/internal/email/generate_otp.go:25.2,25.67 1 1
github.com/aptlogica/sereni-email-smtp/internal/email/generate_otp.go:29.38,32.2 2 1
github.com/aptlogica/sereni-email-smtp/internal/email/generate_otp.go:35.45,36.27 1 1
github.com/aptlogica/sereni-email-smtp/internal/email/generate_otp.go:36.27,37.23 1 1
github.com/aptlogica/sereni-email-smtp/internal/email/generate_otp.go:37.23,39.4 1 1
github.com/aptlogica/sereni-email-smtp/internal/email/generate_otp.go:41.2,41.13 1 1
github.com/aptlogica/sereni-email-smtp/internal/email/generate_otp.go:45.41,47.2 1 1
github.com/aptlogica/sereni-email-smtp/internal/email/service.go:26.42,28.2 1 1
github.com/aptlogica/sereni-email-smtp/internal/email/service.go:32.40,34.2 1 1
github.com/aptlogica/sereni-email-smtp/internal/email/service.go:63.128,75.55 2 1
github.com/aptlogica/sereni-email-smtp/internal/email/service.go:75.55,77.3 1 0
github.com/aptlogica/sereni-email-smtp/internal/email/service.go:80.2,82.16 2 1
github.com/aptlogica/sereni-email-smtp/internal/email/service.go:85.89,90.26 4 1
github.com/aptlogica/sereni-email-smtp/internal/email/service.go:90.26,92.3 1 1
github.com/aptlogica/sereni-email-smtp/internal/email/service.go:94.2,95.25 2 1
github.com/aptlogica/sereni-email-smtp/internal/email/service.go:95.25,97.3 1 1
github.com/aptlogica/sereni-email-smtp/internal/email/service.go:100.2,100.29 1 1
github.com/aptlogica/sereni-email-smtp/internal/email/service.go:100.29,102.3 1 1
github.com/aptlogica/sereni-email-smtp/internal/email/service.go:104.2,108.12 3 1
github.com/aptlogica/sereni-email-smtp/internal/email/service.go:108.12,116.3 1 1
github.com/aptlogica/sereni-email-smtp/internal/email/service.go:116.8,124.3 1 1
github.com/aptlogica/sereni-email-smtp/internal/email/service.go:128.2,129.16 2 1
github.com/aptlogica/sereni-email-smtp/internal/email/service.go:129.16,131.3 1 1
github.com/aptlogica/sereni-email-smtp/internal/email/service.go:132.2,135.75 2 1
github.com/aptlogica/sereni-email-smtp/internal/email/service.go:135.75,137.3 1 1
github.com/aptlogica/sereni-email-smtp/internal/email/service.go:140.2,140.39 1 1
github.com/aptlogica/sereni-email-smtp/internal/email/service.go:140.39,142.3 1 1
github.com/aptlogica/sereni-email-smtp/internal/email/service.go:145.2,145.48 1 1
github.com/aptlogica/sereni-email-smtp/internal/email/service.go:145.48,147.3 1 1
github.com/aptlogica/sereni-email-smtp/internal/email/service.go:149.2,149.35 1 1
github.com/aptlogica/sereni-email-smtp/internal/email/service.go:149.35,150.40 1 1
github.com/aptlogica/sereni-email-smtp/internal/email/service.go:150.40,152.4 1 1
github.com/aptlogica/sereni-email-smtp/internal/email/service.go:155.2,156.16 2 1
github.com/aptlogica/sereni-email-smtp/internal/email/service.go:156.16,158.3 1 1
github.com/aptlogica/sereni-email-smtp/internal/email/service.go:160.2,161.16 2 1
github.com/aptlogica/sereni-email-smtp/internal/email/service.go:161.16,163.3 1 1
github.com/aptlogica/sereni-email-smtp/internal/email/service.go:165.2,166.16 2 1
github.com/aptlogica/sereni-email-smtp/internal/email/service.go:166.16,168.3 1 1
github.com/aptlogica/sereni-email-smtp/internal/email/service.go:170.2,170.20 1 1
github.com/aptlogica/sereni-email-smtp/internal/email/service.go:184.113,185.33 1 1
github.com/aptlogica/sereni-email-smtp/internal/email/service.go:185.33,187.3 1 1
github.com/aptlogica/sereni-email-smtp/internal/email/service.go:188.2,195.20 7 1
github.com/aptlogica/sereni-email-smtp/internal/email/service.go:195.20,197.3 1 1
github.com/aptlogica/sereni-email-smtp/internal/email/service.go:198.2,200.39 2 1
github.com/aptlogica/sereni-email-smtp/internal/email/service.go:200.39,201.31 1 1
github.com/aptlogica/sereni-email-smtp/internal/email/service.go:201.31,205.12 4 1
github.com/aptlogica/sereni-email-smtp/internal/email/service.go:207.3,208.25 2 1
github.com/aptlogica/sereni-email-smtp/internal/email/service.go:208.25,211.17 3 1
github.com/aptlogica/sereni-email-smtp/internal/email/service.go:211.17,211.32 1 1
github.com/aptlogica/sereni-email-smtp/internal/email/service.go:213.4,214.18 2 1
github.com/aptlogica/sereni-email-smtp/internal/email/service.go:214.18,218.5 3 1
github.com/aptlogica/sereni-email-smtp/internal/email/service.go:222.2,223.26 2 1
github.com/aptlogica/sereni-email-smtp/internal/email/service.go:226.90,228.23 1 1
github.com/aptlogica/sereni-email-smtp/internal/email/service.go:228.23,230.3 1 1
github.com/aptlogica/sereni-email-smtp/internal/email/service.go:233.2,256.16 9 1
github.com/aptlogica/sereni-email-smtp/internal/email/service.go:256.16,258.3 1 1
github.com/aptlogica/sereni-email-smtp/internal/email/service.go:260.2,260.17 1 1
github.com/aptlogica/sereni-email-smtp/internal/email/service.go:263.59,269.47 5 1
github.com/aptlogica/sereni-email-smtp/internal/email/service.go:269.47,271.3 1 1
github.com/aptlogica/sereni-email-smtp/internal/email/service.go:272.2,273.13 2 1
github.com/aptlogica/sereni-email-smtp/internal/email/service.go:276.77,278.35 1 1
github.com/aptlogica/sereni-email-smtp/internal/email/service.go:278.35,280.3 1 1
github.com/aptlogica/sereni-email-smtp/internal/email/service.go:283.2,286.28 3 1
github.com/aptlogica/sereni-email-smtp/internal/email/service.go:286.28,288.17 2 1
github.com/aptlogica/sereni-email-smtp/internal/email/service.go:288.17,290.4 1 1
github.com/aptlogica/sereni-email-smtp/internal/email/service.go:291.3,292.22 2 1
github.com/aptlogica/sereni-email-smtp/internal/email/service.go:296.2,299.82 3 1
github.com/aptlogica/sereni-email-smtp/internal/email/service.go:302.46,306.21 3 1
github.com/aptlogica/sereni-email-smtp/internal/email/service.go:306.21,308.39 2 0
github.com/aptlogica/sereni-email-smtp/internal/email/service.go:308.39,309.38 1 0
github.com/aptlogica/sereni-email-smtp/internal/email/service.go:309.38,311.5 1 0
github.com/aptlogica/sereni-email-smtp/internal/email/service.go:313.3,313.20 1 0
github.com/aptlogica/sereni-email-smtp/internal/email/service.go:317.49,319.2 1 1
github.com/aptlogica/sereni-email-smtp/internal/email/templates.go:120.114,124.13 4 1
github.com/aptlogica/sereni-email-smtp/internal/email/templates.go:124.13,126.3 1 1
github.com/aptlogica/sereni-email-smtp/internal/email/templates.go:129.2,130.9 2 1
github.com/aptlogica/sereni-email-smtp/internal/email/templates.go:130.9,133.17 3 1
github.com/aptlogica/sereni-email-smtp/internal/email/templates.go:133.17,135.4 1 0
github.com/aptlogica/sereni-email-smtp/internal/email/templates.go:137.2,138.57 2 1
github.com/aptlogica/sereni-email-smtp/internal/email/templates.go:138.57,140.3 1 0
github.com/aptlogica/sereni-email-smtp/internal/email/templates.go:143.2,144.9 2 1
github.com/aptlogica/sereni-email-smtp/internal/email/templates.go:144.9,147.17 3 1
github.com/aptlogica/sereni-email-smtp/internal/email/templates.go:147.17,149.4 1 0
github.com/aptlogica/sereni-email-smtp/internal/email/templates.go:151.2,152.57 2 1
github.com/aptlogica/sereni-email-smtp/internal/email/templates.go:152.57,154.3 1 0
github.com/aptlogica/sereni-email-smtp/internal/email/templates.go:156.2,156.48 1 1
github.com/aptlogica/sereni-email-smtp/internal/email/templates.go:160.74,164.2 3 1
github.com/aptlogica/sereni-email-smtp/internal/email/templates.go:167.72,170.2 2 1
github.com/aptlogica/sereni-email-smtp/internal/email/templates.go:173.120,175.16 2 1
github.com/aptlogica/sereni-email-smtp/internal/email/templates.go:175.16,177.3 1 1
github.com/aptlogica/sereni-email-smtp/internal/email/templates.go:179.2,179.50 1 1
github.com/aptlogica/sereni-email-smtp/internal/email/templates.go:183.58,186.40 3 1
github.com/aptlogica/sereni-email-smtp/internal/email/templates.go:186.40,188.3 1 1
github.com/aptlogica/sereni-email-smtp/internal/email/templates.go:189.2,190.18 2 1
github.com/aptlogica/sereni-email-smtp/internal/handlers/email_handler.go:21.33,23.2 1 1
github.com/aptlogica/sereni-email-smtp/internal/handlers/email_handler.go:29.65,31.2 1 1
github.com/aptlogica/sereni-email-smtp/internal/handlers/email_handler.go:44.50,46.47 2 1
github.com/aptlogica/sereni-email-smtp/internal/handlers/email_handler.go:46.47,49.3 2 1
github.com/aptlogica/sereni-email-smtp/internal/handlers/email_handler.go:50.2,50.28 1 1
github.com/aptlogica/sereni-email-smtp/internal/handlers/email_handler.go:50.28,52.3 1 1
github.com/aptlogica/sereni-email-smtp/internal/handlers/email_handler.go:53.2,56.37 3 1
github.com/aptlogica/sereni-email-smtp/internal/handlers/email_handler.go:56.37,59.3 2 0
github.com/aptlogica/sereni-email-smtp/internal/handlers/email_handler.go:60.2,61.16 2 1
github.com/aptlogica/sereni-email-smtp/internal/handlers/email_handler.go:61.16,67.3 2 1
github.com/aptlogica/sereni-email-smtp/internal/handlers/email_handler.go:69.2,72.4 1 1
github.com/aptlogica/sereni-email-smtp/internal/handlers/email_handler.go:86.54,88.47 2 1
github.com/aptlogica/sereni-email-smtp/internal/handlers/email_handler.go:88.47,91.3 2 1
github.com/aptlogica/sereni-email-smtp/internal/handlers/email_handler.go:92.2,92.35 1 1
github.com/aptlogica/sereni-email-smtp/internal/handlers/email_handler.go:92.35,94.3 1 1
github.com/aptlogica/sereni-email-smtp/internal/handlers/email_handler.go:95.2,99.16 4 1
github.com/aptlogica/sereni-email-smtp/internal/handlers/email_handler.go:99.16,105.3 2 1
github.com/aptlogica/sereni-email-smtp/internal/handlers/email_handler.go:107.2,112.27 2 1
github.com/aptlogica/sereni-email-smtp/internal/handlers/email_handler.go:112.27,115.3 2 1
github.com/aptlogica/sereni-email-smtp/internal/handlers/email_handler.go:117.2,117.33 1 1
github.com/aptlogica/sereni-email-smtp/internal/handlers/email_handler.go:131.52,133.47 2 1
github.com/aptlogica/sereni-email-smtp/internal/handlers/email_handler.go:133.47,136.3 2 1
github.com/aptlogica/sereni-email-smtp/internal/handlers/email_handler.go:137.2,138.33 2 1
github.com/aptlogica/sereni-email-smtp/internal/handlers/email_handler.go:138.33,141.3 2 0
github.com/aptlogica/sereni-email-smtp/internal/handlers/email_handler.go:144.2,145.17 2 1
github.com/aptlogica/sereni-email-smtp/internal/handlers/email_handler.go:145.17,147.3 1 1
github.com/aptlogica/sereni-email-smtp/internal/handlers/email_handler.go:150.2,155.4 2 1
github.com/aptlogica/sereni-email-smtp/internal/handlers/email_handler.go:169.50,171.47 2 1
github.com/aptlogica/sereni-email-smtp/internal/handlers/email_handler.go:171.47,174.3 2 1
github.com/aptlogica/sereni-email-smtp/internal/handlers/email_handler.go:176.2,177.14 2 1
github.com/aptlogica/sereni-email-smtp/internal/handlers/email_handler.go:177.14,183.3 2 1
github.com/aptlogica/sereni-email-smtp/internal/handlers/email_handler.go:185.2,188.4 1 1
github.com/aptlogica/sereni-email-smtp/internal/handlers/email_handler.go:198.52,203.2 1 1
github.com/aptlogica/sereni-email-smtp/internal/templatecache/cache.go:21.40,25.2 1 1
github.com/aptlogica/sereni-email-smtp/internal/templatecache/cache.go:27.70,32.2 4 1
github.com/aptlogica/sereni-email-smtp/internal/templatecache/cache.go:34.68,38.2 3 1
github.com/aptlogica/sereni-email-smtp/internal/templatecache/cache.go:40.69,41.35 1 1
github.com/aptlogica/sereni-email-smtp/internal/templatecache/cache.go:41.35,43.17 2 1
github.com/aptlogica/sereni-email-smtp/internal/templatecache/cache.go:43.17,45.4 1 1
github.com/aptlogica/sereni-email-smtp/internal/templatecache/cache.go:46.3,46.21 1 1
github.com/aptlogica/sereni-email-smtp/internal/templatecache/cache.go:48.2,48.12 1 1
github.com/aptlogica/sereni-email-smtp/internal/templatecache/helpers.go:13.93,15.16 2 1
github.com/aptlogica/sereni-email-smtp/internal/templatecache/helpers.go:15.16,17.3 1 1
github.com/aptlogica/sereni-email-smtp/internal/templatecache/helpers.go:18.2,19.18 2 1
