mode: set
email-service/internal/config/config.go:28.27,44.2 2 1
email-service/internal/config/config.go:46.46,47.42 1 1
email-service/internal/config/config.go:47.42,49.3 1 1
email-service/internal/config/config.go:50.2,50.21 1 1
email-service/internal/config/config.go:53.52,54.42 1 1
email-service/internal/config/config.go:54.42,55.55 1 1
email-service/internal/config/config.go:55.55,57.4 1 1
email-service/internal/config/config.go:59.2,59.21 1 1
email-service/internal/email/generate_otp.go:18.27,21.16 3 1
email-service/internal/email/generate_otp.go:21.16,24.3 1 0
email-service/internal/email/generate_otp.go:25.2,25.67 1 1
email-service/internal/email/generate_otp.go:29.38,32.2 2 1
email-service/internal/email/generate_otp.go:35.45,36.27 1 1
email-service/internal/email/generate_otp.go:36.27,37.23 1 1
email-service/internal/email/generate_otp.go:37.23,39.4 1 1
email-service/internal/email/generate_otp.go:41.2,41.13 1 1
email-service/internal/email/generate_otp.go:45.41,47.2 1 1
email-service/internal/email/service.go:42.128,54.55 2 1
email-service/internal/email/service.go:54.55,56.3 1 0
email-service/internal/email/service.go:59.2,61.16 2 1
email-service/internal/email/service.go:64.89,66.29 1 1
email-service/internal/email/service.go:66.29,68.3 1 1
email-service/internal/email/service.go:69.2,73.12 3 1
email-service/internal/email/service.go:73.12,81.3 1 1
email-service/internal/email/service.go:81.8,89.3 1 1
email-service/internal/email/service.go:93.2,94.16 2 1
email-service/internal/email/service.go:94.16,96.3 1 1
email-service/internal/email/service.go:97.2,100.75 2 1
email-service/internal/email/service.go:100.75,102.3 1 1
email-service/internal/email/service.go:105.2,105.39 1 1
email-service/internal/email/service.go:105.39,107.3 1 1
email-service/internal/email/service.go:110.2,110.47 1 1
email-service/internal/email/service.go:110.47,112.3 1 1
email-service/internal/email/service.go:114.2,114.26 1 1
email-service/internal/email/service.go:114.26,115.40 1 1
email-service/internal/email/service.go:115.40,117.4 1 1
email-service/internal/email/service.go:120.2,121.16 2 1
email-service/internal/email/service.go:121.16,123.3 1 1
email-service/internal/email/service.go:125.2,126.16 2 1
email-service/internal/email/service.go:126.16,128.3 1 1
email-service/internal/email/service.go:130.2,131.16 2 1
email-service/internal/email/service.go:131.16,133.3 1 1
email-service/internal/email/service.go:135.2,135.20 1 1
email-service/internal/email/service.go:149.113,150.33 1 1
email-service/internal/email/service.go:150.33,152.3 1 1
email-service/internal/email/service.go:153.2,158.20 5 1
email-service/internal/email/service.go:158.20,160.3 1 0
email-service/internal/email/service.go:161.2,163.39 2 1
email-service/internal/email/service.go:163.39,164.31 1 1
email-service/internal/email/service.go:164.31,166.12 2 1
email-service/internal/email/service.go:168.3,169.25 2 1
email-service/internal/email/service.go:169.25,172.17 3 1
email-service/internal/email/service.go:172.17,172.32 1 1
email-service/internal/email/service.go:174.4,175.18 2 1
email-service/internal/email/service.go:175.18,179.5 3 1
email-service/internal/email/service.go:183.2,184.26 2 1
email-service/internal/email/service.go:187.90,212.16 9 1
email-service/internal/email/service.go:212.16,214.3 1 1
email-service/internal/email/service.go:216.2,216.17 1 1
email-service/internal/email/service.go:219.59,225.47 5 1
email-service/internal/email/service.go:225.47,227.3 1 1
email-service/internal/email/service.go:228.2,229.13 2 1
email-service/internal/email/service.go:232.77,237.28 3 1
email-service/internal/email/service.go:237.28,238.36 1 1
email-service/internal/email/service.go:238.36,240.4 1 1
email-service/internal/email/service.go:241.3,242.17 2 0
email-service/internal/email/service.go:242.17,244.4 1 0
email-service/internal/email/service.go:245.3,246.22 2 0
email-service/internal/email/service.go:249.2,249.64 1 1
email-service/internal/email/service.go:252.46,256.21 3 1
email-service/internal/email/service.go:256.21,258.39 2 0
email-service/internal/email/service.go:258.39,259.38 1 0
email-service/internal/email/service.go:259.38,261.5 1 0
email-service/internal/email/service.go:263.3,263.20 1 0
email-service/internal/email/service.go:267.49,269.2 1 1
email-service/internal/email/templates.go:119.114,123.13 4 1
email-service/internal/email/templates.go:123.13,125.3 1 1
email-service/internal/email/templates.go:128.2,129.9 2 1
email-service/internal/email/templates.go:129.9,132.17 3 1
email-service/internal/email/templates.go:132.17,134.4 1 0
email-service/internal/email/templates.go:136.2,137.57 2 1
email-service/internal/email/templates.go:137.57,139.3 1 0
email-service/internal/email/templates.go:142.2,143.9 2 1
email-service/internal/email/templates.go:143.9,146.17 3 1
email-service/internal/email/templates.go:146.17,148.4 1 0
email-service/internal/email/templates.go:150.2,151.57 2 1
email-service/internal/email/templates.go:151.57,153.3 1 0
email-service/internal/email/templates.go:155.2,155.48 1 1
email-service/internal/email/templates.go:159.74,163.2 3 1
email-service/internal/email/templates.go:166.72,169.2 2 1
email-service/internal/email/templates.go:172.120,174.16 2 1
email-service/internal/email/templates.go:174.16,176.3 1 1
email-service/internal/email/templates.go:178.2,178.50 1 1
email-service/internal/email/templates.go:182.58,185.40 3 1
email-service/internal/email/templates.go:185.40,187.3 1 1
email-service/internal/email/templates.go:188.2,189.18 2 1
email-service/internal/handlers/email_handler.go:20.65,22.2 1 1
email-service/internal/handlers/email_handler.go:35.50,37.47 2 1
email-service/internal/handlers/email_handler.go:37.47,40.3 2 1
email-service/internal/handlers/email_handler.go:42.2,43.16 2 1
email-service/internal/handlers/email_handler.go:43.16,49.3 2 1
email-service/internal/handlers/email_handler.go:51.2,54.4 1 1
email-service/internal/handlers/email_handler.go:68.54,70.47 2 1
email-service/internal/handlers/email_handler.go:70.47,73.3 2 1
email-service/internal/handlers/email_handler.go:75.2,76.16 2 1
email-service/internal/handlers/email_handler.go:76.16,82.3 2 1
email-service/internal/handlers/email_handler.go:84.2,89.27 2 1
email-service/internal/handlers/email_handler.go:89.27,92.3 2 1
email-service/internal/handlers/email_handler.go:94.2,94.33 1 1
email-service/internal/handlers/email_handler.go:108.52,110.47 2 1
email-service/internal/handlers/email_handler.go:110.47,113.3 2 1
email-service/internal/handlers/email_handler.go:116.2,117.17 2 1
email-service/internal/handlers/email_handler.go:117.17,119.3 1 1
email-service/internal/handlers/email_handler.go:122.2,127.4 2 1
email-service/internal/handlers/email_handler.go:141.50,143.47 2 1
email-service/internal/handlers/email_handler.go:143.47,146.3 2 1
email-service/internal/handlers/email_handler.go:148.2,149.14 2 1
email-service/internal/handlers/email_handler.go:149.14,155.3 2 1
email-service/internal/handlers/email_handler.go:157.2,160.4 1 1
email-service/internal/handlers/email_handler.go:170.52,175.2 1 1
email-service/internal/templatecache/cache.go:21.40,25.2 1 1
email-service/internal/templatecache/cache.go:27.70,32.2 4 1
email-service/internal/templatecache/cache.go:34.68,38.2 3 1
email-service/internal/templatecache/cache.go:40.69,41.35 1 1
email-service/internal/templatecache/cache.go:41.35,43.17 2 1
email-service/internal/templatecache/cache.go:43.17,45.4 1 1
email-service/internal/templatecache/cache.go:46.3,46.21 1 1
email-service/internal/templatecache/cache.go:48.2,48.12 1 1
email-service/internal/templatecache/helpers.go:13.93,15.16 2 1
email-service/internal/templatecache/helpers.go:15.16,17.3 1 1
email-service/internal/templatecache/helpers.go:18.2,19.18 2 1
email-service/pkg/middleware/cors.go:11.59,12.30 1 1
email-service/pkg/middleware/cors.go:12.30,18.36 5 1
email-service/pkg/middleware/cors.go:18.36,21.4 2 1
email-service/pkg/middleware/cors.go:23.3,23.11 1 1
