mode: set
email-service/internal/config/config.go:22.27,24.16 2 1
email-service/internal/config/config.go:24.16,25.35 1 1
email-service/internal/config/config.go:28.2,37.3 1 1
email-service/internal/config/config.go:40.46,41.42 1 1
email-service/internal/config/config.go:41.42,43.3 1 1
email-service/internal/config/config.go:44.2,44.21 1 1
email-service/internal/config/config.go:47.52,48.42 1 1
email-service/internal/config/config.go:48.42,49.55 1 1
email-service/internal/config/config.go:49.55,51.4 1 1
email-service/internal/config/config.go:53.2,53.21 1 1
email-service/internal/email/generate_otp.go:14.27,17.16 3 1
email-service/internal/email/generate_otp.go:17.16,20.3 1 0
email-service/internal/email/generate_otp.go:21.2,21.67 1 1
email-service/internal/email/generate_otp.go:25.38,28.2 2 1
email-service/internal/email/generate_otp.go:31.45,32.27 1 1
email-service/internal/email/generate_otp.go:32.27,33.23 1 1
email-service/internal/email/generate_otp.go:33.23,35.4 1 1
email-service/internal/email/generate_otp.go:37.2,37.13 1 1
email-service/internal/email/generate_otp.go:41.41,43.2 1 1
email-service/internal/email/service.go:38.128,50.55 2 1
email-service/internal/email/service.go:50.55,52.3 1 0
email-service/internal/email/service.go:55.2,57.16 2 1
email-service/internal/email/service.go:60.89,62.29 1 1
email-service/internal/email/service.go:62.29,64.3 1 1
email-service/internal/email/service.go:65.2,69.12 3 1
email-service/internal/email/service.go:69.12,77.3 1 1
email-service/internal/email/service.go:77.8,85.3 1 1
email-service/internal/email/service.go:89.2,90.16 2 1
email-service/internal/email/service.go:90.16,92.3 1 1
email-service/internal/email/service.go:93.2,96.75 2 1
email-service/internal/email/service.go:96.75,98.3 1 1
email-service/internal/email/service.go:101.2,101.39 1 1
email-service/internal/email/service.go:101.39,103.3 1 1
email-service/internal/email/service.go:106.2,106.47 1 1
email-service/internal/email/service.go:106.47,108.3 1 1
email-service/internal/email/service.go:110.2,110.26 1 1
email-service/internal/email/service.go:110.26,111.40 1 1
email-service/internal/email/service.go:111.40,113.4 1 1
email-service/internal/email/service.go:116.2,117.16 2 1
email-service/internal/email/service.go:117.16,119.3 1 1
email-service/internal/email/service.go:121.2,122.16 2 1
email-service/internal/email/service.go:122.16,124.3 1 1
email-service/internal/email/service.go:126.2,127.16 2 1
email-service/internal/email/service.go:127.16,129.3 1 1
email-service/internal/email/service.go:131.2,131.20 1 1
email-service/internal/email/service.go:145.113,146.33 1 1
email-service/internal/email/service.go:146.33,148.3 1 1
email-service/internal/email/service.go:149.2,154.20 5 1
email-service/internal/email/service.go:154.20,156.3 1 0
email-service/internal/email/service.go:157.2,159.39 2 1
email-service/internal/email/service.go:159.39,160.31 1 1
email-service/internal/email/service.go:160.31,162.12 2 1
email-service/internal/email/service.go:164.3,165.25 2 1
email-service/internal/email/service.go:165.25,168.17 3 1
email-service/internal/email/service.go:168.17,168.32 1 1
email-service/internal/email/service.go:170.4,171.18 2 1
email-service/internal/email/service.go:171.18,175.5 3 1
email-service/internal/email/service.go:179.2,180.26 2 1
email-service/internal/email/service.go:183.90,208.16 9 1
email-service/internal/email/service.go:208.16,210.3 1 0
email-service/internal/email/service.go:212.2,212.17 1 1
email-service/internal/email/service.go:215.59,221.47 5 1
email-service/internal/email/service.go:221.47,223.3 1 1
email-service/internal/email/service.go:224.2,225.13 2 1
email-service/internal/email/service.go:228.77,233.28 3 1
email-service/internal/email/service.go:233.28,234.36 1 1
email-service/internal/email/service.go:234.36,236.4 1 1
email-service/internal/email/service.go:237.3,238.17 2 0
email-service/internal/email/service.go:238.17,240.4 1 0
email-service/internal/email/service.go:241.3,242.22 2 0
email-service/internal/email/service.go:245.2,245.64 1 1
email-service/internal/email/service.go:248.46,252.21 3 1
email-service/internal/email/service.go:252.21,254.39 2 0
email-service/internal/email/service.go:254.39,255.38 1 0
email-service/internal/email/service.go:255.38,257.5 1 0
email-service/internal/email/service.go:259.3,259.20 1 0
email-service/internal/email/service.go:263.49,265.2 1 1
email-service/internal/email/templates.go:115.114,119.13 4 1
email-service/internal/email/templates.go:119.13,121.3 1 1
email-service/internal/email/templates.go:124.2,125.9 2 1
email-service/internal/email/templates.go:125.9,128.17 3 1
email-service/internal/email/templates.go:128.17,130.4 1 0
email-service/internal/email/templates.go:132.2,133.57 2 1
email-service/internal/email/templates.go:133.57,135.3 1 0
email-service/internal/email/templates.go:138.2,139.9 2 1
email-service/internal/email/templates.go:139.9,142.17 3 1
email-service/internal/email/templates.go:142.17,144.4 1 0
email-service/internal/email/templates.go:146.2,147.57 2 1
email-service/internal/email/templates.go:147.57,149.3 1 0
email-service/internal/email/templates.go:151.2,151.48 1 1
email-service/internal/email/templates.go:155.74,159.2 3 1
email-service/internal/email/templates.go:162.72,165.2 2 1
email-service/internal/email/templates.go:168.120,170.16 2 1
email-service/internal/email/templates.go:170.16,172.3 1 1
email-service/internal/email/templates.go:174.2,174.50 1 1
email-service/internal/email/templates.go:178.58,181.40 3 1
email-service/internal/email/templates.go:181.40,183.3 1 1
email-service/internal/email/templates.go:184.2,185.18 2 1
email-service/internal/handlers/email_handler.go:16.65,18.2 1 1
email-service/internal/handlers/email_handler.go:31.50,33.47 2 1
email-service/internal/handlers/email_handler.go:33.47,36.3 2 1
email-service/internal/handlers/email_handler.go:38.2,39.16 2 1
email-service/internal/handlers/email_handler.go:39.16,45.3 2 1
email-service/internal/handlers/email_handler.go:47.2,50.4 1 1
email-service/internal/handlers/email_handler.go:64.54,66.47 2 1
email-service/internal/handlers/email_handler.go:66.47,69.3 2 1
email-service/internal/handlers/email_handler.go:71.2,72.16 2 1
email-service/internal/handlers/email_handler.go:72.16,78.3 2 1
email-service/internal/handlers/email_handler.go:80.2,85.27 2 1
email-service/internal/handlers/email_handler.go:85.27,88.3 2 1
email-service/internal/handlers/email_handler.go:90.2,90.33 1 1
email-service/internal/handlers/email_handler.go:104.52,106.47 2 1
email-service/internal/handlers/email_handler.go:106.47,109.3 2 0
email-service/internal/handlers/email_handler.go:112.2,113.17 2 1
email-service/internal/handlers/email_handler.go:113.17,115.3 1 1
email-service/internal/handlers/email_handler.go:118.2,123.4 2 1
email-service/internal/handlers/email_handler.go:137.50,139.47 2 1
email-service/internal/handlers/email_handler.go:139.47,142.3 2 0
email-service/internal/handlers/email_handler.go:144.2,145.14 2 1
email-service/internal/handlers/email_handler.go:145.14,151.3 2 1
email-service/internal/handlers/email_handler.go:153.2,156.4 1 1
email-service/internal/handlers/email_handler.go:166.52,171.2 1 1
email-service/internal/templatecache/cache.go:16.40,20.2 1 1
email-service/internal/templatecache/cache.go:22.70,27.2 4 1
email-service/internal/templatecache/cache.go:29.68,33.2 3 1
email-service/internal/templatecache/cache.go:35.69,36.35 1 1
email-service/internal/templatecache/cache.go:36.35,38.17 2 1
email-service/internal/templatecache/cache.go:38.17,40.4 1 1
email-service/internal/templatecache/cache.go:41.3,41.21 1 1
email-service/internal/templatecache/cache.go:43.2,43.12 1 1
email-service/internal/templatecache/helpers.go:8.93,10.16 2 1
email-service/internal/templatecache/helpers.go:10.16,12.3 1 1
email-service/internal/templatecache/helpers.go:13.2,14.18 2 1
