mode: atomic
github.com/aptlogica/sereni-email-smtp/internal/config/config.go:28.27,31.48 1 4
github.com/aptlogica/sereni-email-smtp/internal/config/config.go:31.48,32.34 1 1
github.com/aptlogica/sereni-email-smtp/internal/config/config.go:32.34,33.28 1 4
github.com/aptlogica/sereni-email-smtp/internal/config/config.go:33.28,35.5 1 4
github.com/aptlogica/sereni-email-smtp/internal/config/config.go:39.2,50.3 1 4
github.com/aptlogica/sereni-email-smtp/internal/config/config.go:53.46,54.42 1 37
github.com/aptlogica/sereni-email-smtp/internal/config/config.go:54.42,56.3 1 12
github.com/aptlogica/sereni-email-smtp/internal/config/config.go:57.2,57.21 1 25
github.com/aptlogica/sereni-email-smtp/internal/config/config.go:60.52,61.42 1 14
github.com/aptlogica/sereni-email-smtp/internal/config/config.go:61.42,62.55 1 9
github.com/aptlogica/sereni-email-smtp/internal/config/config.go:62.55,64.4 1 7
github.com/aptlogica/sereni-email-smtp/internal/config/config.go:66.2,66.21 1 7
github.com/aptlogica/sereni-email-smtp/internal/email/generate_otp.go:18.27,21.16 3 11315
github.com/aptlogica/sereni-email-smtp/internal/email/generate_otp.go:21.16,24.3 1 0
github.com/aptlogica/sereni-email-smtp/internal/email/generate_otp.go:25.2,25.67 1 11315
github.com/aptlogica/sereni-email-smtp/internal/email/generate_otp.go:29.38,32.2 2 311
github.com/aptlogica/sereni-email-smtp/internal/email/generate_otp.go:35.45,36.27 1 24
github.com/aptlogica/sereni-email-smtp/internal/email/generate_otp.go:36.27,37.23 1 227
github.com/aptlogica/sereni-email-smtp/internal/email/generate_otp.go:37.23,39.4 1 8
github.com/aptlogica/sereni-email-smtp/internal/email/generate_otp.go:41.2,41.13 1 16
github.com/aptlogica/sereni-email-smtp/internal/email/generate_otp.go:45.41,47.2 1 10245
github.com/aptlogica/sereni-email-smtp/internal/email/service.go:43.128,55.55 2 76
github.com/aptlogica/sereni-email-smtp/internal/email/service.go:55.55,57.3 1 0
github.com/aptlogica/sereni-email-smtp/internal/email/service.go:60.2,62.16 2 76
github.com/aptlogica/sereni-email-smtp/internal/email/service.go:65.89,67.2 1 25
github.com/aptlogica/sereni-email-smtp/internal/email/service.go:69.111,71.29 1 68
github.com/aptlogica/sereni-email-smtp/internal/email/service.go:71.29,73.3 1 46
github.com/aptlogica/sereni-email-smtp/internal/email/service.go:74.2,81.12 5 22
github.com/aptlogica/sereni-email-smtp/internal/email/service.go:81.12,89.3 1 2
github.com/aptlogica/sereni-email-smtp/internal/email/service.go:89.8,97.3 1 20
github.com/aptlogica/sereni-email-smtp/internal/email/service.go:101.2,102.16 2 22
github.com/aptlogica/sereni-email-smtp/internal/email/service.go:102.16,104.3 1 2
github.com/aptlogica/sereni-email-smtp/internal/email/service.go:105.2,108.75 2 20
github.com/aptlogica/sereni-email-smtp/internal/email/service.go:108.75,110.3 1 2
github.com/aptlogica/sereni-email-smtp/internal/email/service.go:113.2,113.39 1 18
github.com/aptlogica/sereni-email-smtp/internal/email/service.go:113.39,115.3 1 2
github.com/aptlogica/sereni-email-smtp/internal/email/service.go:118.2,118.47 1 16
github.com/aptlogica/sereni-email-smtp/internal/email/service.go:118.47,120.3 1 2
github.com/aptlogica/sereni-email-smtp/internal/email/service.go:122.2,122.26 1 14
github.com/aptlogica/sereni-email-smtp/internal/email/service.go:122.26,123.40 1 16
github.com/aptlogica/sereni-email-smtp/internal/email/service.go:123.40,125.4 1 2
github.com/aptlogica/sereni-email-smtp/internal/email/service.go:128.2,129.16 2 12
github.com/aptlogica/sereni-email-smtp/internal/email/service.go:129.16,131.3 1 2
github.com/aptlogica/sereni-email-smtp/internal/email/service.go:133.2,134.16 2 10
github.com/aptlogica/sereni-email-smtp/internal/email/service.go:134.16,136.3 1 2
github.com/aptlogica/sereni-email-smtp/internal/email/service.go:138.2,139.16 2 8
github.com/aptlogica/sereni-email-smtp/internal/email/service.go:139.16,141.3 1 2
github.com/aptlogica/sereni-email-smtp/internal/email/service.go:143.2,143.20 1 6
github.com/aptlogica/sereni-email-smtp/internal/email/service.go:146.50,150.2 2 22
github.com/aptlogica/sereni-email-smtp/internal/email/service.go:152.79,158.32 4 22
github.com/aptlogica/sereni-email-smtp/internal/email/service.go:158.32,161.3 1 2
github.com/aptlogica/sereni-email-smtp/internal/email/service.go:162.2,162.18 1 22
github.com/aptlogica/sereni-email-smtp/internal/email/service.go:176.113,177.33 1 12
github.com/aptlogica/sereni-email-smtp/internal/email/service.go:177.33,179.3 1 6
github.com/aptlogica/sereni-email-smtp/internal/email/service.go:180.2,185.20 5 6
github.com/aptlogica/sereni-email-smtp/internal/email/service.go:185.20,187.3 1 1
github.com/aptlogica/sereni-email-smtp/internal/email/service.go:188.2,190.39 2 6
github.com/aptlogica/sereni-email-smtp/internal/email/service.go:190.39,191.31 1 19
github.com/aptlogica/sereni-email-smtp/internal/email/service.go:191.31,195.12 4 4
github.com/aptlogica/sereni-email-smtp/internal/email/service.go:197.3,198.25 2 15
github.com/aptlogica/sereni-email-smtp/internal/email/service.go:198.25,201.17 3 15
github.com/aptlogica/sereni-email-smtp/internal/email/service.go:201.17,201.32 1 15
github.com/aptlogica/sereni-email-smtp/internal/email/service.go:203.4,204.18 2 15
github.com/aptlogica/sereni-email-smtp/internal/email/service.go:204.18,208.5 3 3
github.com/aptlogica/sereni-email-smtp/internal/email/service.go:212.2,213.26 2 6
github.com/aptlogica/sereni-email-smtp/internal/email/service.go:216.90,217.23 1 16
github.com/aptlogica/sereni-email-smtp/internal/email/service.go:217.23,219.3 1 2
github.com/aptlogica/sereni-email-smtp/internal/email/service.go:221.2,244.16 9 14
github.com/aptlogica/sereni-email-smtp/internal/email/service.go:244.16,246.3 1 2
github.com/aptlogica/sereni-email-smtp/internal/email/service.go:248.2,248.17 1 12
github.com/aptlogica/sereni-email-smtp/internal/email/service.go:251.59,257.47 5 12
github.com/aptlogica/sereni-email-smtp/internal/email/service.go:257.47,259.3 1 8
github.com/aptlogica/sereni-email-smtp/internal/email/service.go:260.2,261.13 2 4
github.com/aptlogica/sereni-email-smtp/internal/email/service.go:264.77,265.35 1 12
github.com/aptlogica/sereni-email-smtp/internal/email/service.go:265.35,267.3 1 3
github.com/aptlogica/sereni-email-smtp/internal/email/service.go:269.2,272.28 3 9
github.com/aptlogica/sereni-email-smtp/internal/email/service.go:272.28,274.17 2 2
github.com/aptlogica/sereni-email-smtp/internal/email/service.go:274.17,276.4 1 1
github.com/aptlogica/sereni-email-smtp/internal/email/service.go:277.3,279.61 3 1
github.com/aptlogica/sereni-email-smtp/internal/email/service.go:282.2,282.71 1 7
github.com/aptlogica/sereni-email-smtp/internal/email/service.go:285.46,289.21 3 76
github.com/aptlogica/sereni-email-smtp/internal/email/service.go:289.21,291.39 2 0
github.com/aptlogica/sereni-email-smtp/internal/email/service.go:291.39,292.38 1 0
github.com/aptlogica/sereni-email-smtp/internal/email/service.go:292.38,294.5 1 0
github.com/aptlogica/sereni-email-smtp/internal/email/service.go:296.3,296.20 1 0
github.com/aptlogica/sereni-email-smtp/internal/email/service.go:300.49,302.2 1 30
github.com/aptlogica/sereni-email-smtp/internal/email/templates.go:119.114,123.13 4 40
github.com/aptlogica/sereni-email-smtp/internal/email/templates.go:123.13,125.3 1 7
github.com/aptlogica/sereni-email-smtp/internal/email/templates.go:128.2,129.9 2 33
github.com/aptlogica/sereni-email-smtp/internal/email/templates.go:129.9,132.17 3 5
github.com/aptlogica/sereni-email-smtp/internal/email/templates.go:132.17,134.4 1 0
github.com/aptlogica/sereni-email-smtp/internal/email/templates.go:136.2,137.57 2 33
github.com/aptlogica/sereni-email-smtp/internal/email/templates.go:137.57,139.3 1 0
github.com/aptlogica/sereni-email-smtp/internal/email/templates.go:142.2,143.9 2 33
github.com/aptlogica/sereni-email-smtp/internal/email/templates.go:143.9,146.17 3 5
github.com/aptlogica/sereni-email-smtp/internal/email/templates.go:146.17,148.4 1 0
github.com/aptlogica/sereni-email-smtp/internal/email/templates.go:150.2,151.57 2 33
github.com/aptlogica/sereni-email-smtp/internal/email/templates.go:151.57,153.3 1 0
github.com/aptlogica/sereni-email-smtp/internal/email/templates.go:155.2,155.48 1 33
github.com/aptlogica/sereni-email-smtp/internal/email/templates.go:159.74,163.2 3 8
github.com/aptlogica/sereni-email-smtp/internal/email/templates.go:166.72,169.2 2 10
github.com/aptlogica/sereni-email-smtp/internal/email/templates.go:172.120,174.16 2 23
github.com/aptlogica/sereni-email-smtp/internal/email/templates.go:174.16,176.3 1 3
github.com/aptlogica/sereni-email-smtp/internal/email/templates.go:178.2,178.56 1 20
github.com/aptlogica/sereni-email-smtp/internal/email/templates.go:182.58,185.40 3 9
github.com/aptlogica/sereni-email-smtp/internal/email/templates.go:185.40,187.3 1 74
github.com/aptlogica/sereni-email-smtp/internal/email/templates.go:188.2,189.18 2 9
github.com/aptlogica/sereni-email-smtp/internal/handlers/email_handler.go:20.65,22.2 1 17
github.com/aptlogica/sereni-email-smtp/internal/handlers/email_handler.go:35.50,37.47 2 7
github.com/aptlogica/sereni-email-smtp/internal/handlers/email_handler.go:37.47,40.3 2 2
github.com/aptlogica/sereni-email-smtp/internal/handlers/email_handler.go:42.2,43.16 2 5
github.com/aptlogica/sereni-email-smtp/internal/handlers/email_handler.go:43.16,49.3 2 2
github.com/aptlogica/sereni-email-smtp/internal/handlers/email_handler.go:51.2,54.4 1 3
github.com/aptlogica/sereni-email-smtp/internal/handlers/email_handler.go:68.54,70.47 2 8
github.com/aptlogica/sereni-email-smtp/internal/handlers/email_handler.go:70.47,73.3 2 2
github.com/aptlogica/sereni-email-smtp/internal/handlers/email_handler.go:75.2,76.16 2 6
github.com/aptlogica/sereni-email-smtp/internal/handlers/email_handler.go:76.16,82.3 2 2
github.com/aptlogica/sereni-email-smtp/internal/handlers/email_handler.go:84.2,89.27 2 4
github.com/aptlogica/sereni-email-smtp/internal/handlers/email_handler.go:89.27,92.3 2 2
github.com/aptlogica/sereni-email-smtp/internal/handlers/email_handler.go:94.2,94.33 1 4
github.com/aptlogica/sereni-email-smtp/internal/handlers/email_handler.go:108.52,110.47 2 6
github.com/aptlogica/sereni-email-smtp/internal/handlers/email_handler.go:110.47,113.3 2 1
github.com/aptlogica/sereni-email-smtp/internal/handlers/email_handler.go:116.2,117.17 2 5
github.com/aptlogica/sereni-email-smtp/internal/handlers/email_handler.go:117.17,119.3 1 2
github.com/aptlogica/sereni-email-smtp/internal/handlers/email_handler.go:121.2,121.33 1 5
github.com/aptlogica/sereni-email-smtp/internal/handlers/email_handler.go:121.33,127.3 2 0
github.com/aptlogica/sereni-email-smtp/internal/handlers/email_handler.go:129.2,129.72 1 5
github.com/aptlogica/sereni-email-smtp/internal/handlers/email_handler.go:129.72,135.3 2 1
github.com/aptlogica/sereni-email-smtp/internal/handlers/email_handler.go:137.2,140.4 1 4
github.com/aptlogica/sereni-email-smtp/internal/handlers/email_handler.go:154.50,156.47 2 5
github.com/aptlogica/sereni-email-smtp/internal/handlers/email_handler.go:156.47,159.3 2 1
github.com/aptlogica/sereni-email-smtp/internal/handlers/email_handler.go:161.2,162.14 2 4
github.com/aptlogica/sereni-email-smtp/internal/handlers/email_handler.go:162.14,168.3 2 2
github.com/aptlogica/sereni-email-smtp/internal/handlers/email_handler.go:170.2,173.4 1 2
github.com/aptlogica/sereni-email-smtp/internal/handlers/email_handler.go:183.52,188.2 1 2
github.com/aptlogica/sereni-email-smtp/internal/templatecache/cache.go:21.40,25.2 1 8
github.com/aptlogica/sereni-email-smtp/internal/templatecache/cache.go:27.70,32.2 4 83
github.com/aptlogica/sereni-email-smtp/internal/templatecache/cache.go:34.68,38.2 3 25
github.com/aptlogica/sereni-email-smtp/internal/templatecache/cache.go:40.69,41.35 1 5
github.com/aptlogica/sereni-email-smtp/internal/templatecache/cache.go:41.35,43.17 2 7
github.com/aptlogica/sereni-email-smtp/internal/templatecache/cache.go:43.17,45.4 1 2
github.com/aptlogica/sereni-email-smtp/internal/templatecache/cache.go:46.3,46.21 1 5
github.com/aptlogica/sereni-email-smtp/internal/templatecache/cache.go:48.2,48.12 1 3
github.com/aptlogica/sereni-email-smtp/internal/templatecache/helpers.go:13.93,15.16 2 17
github.com/aptlogica/sereni-email-smtp/internal/templatecache/helpers.go:15.16,17.3 1 2
github.com/aptlogica/sereni-email-smtp/internal/templatecache/helpers.go:18.2,19.18 2 15
github.com/aptlogica/sereni-email-smtp/pkg/middleware/cors.go:11.59,12.30 1 2
github.com/aptlogica/sereni-email-smtp/pkg/middleware/cors.go:12.30,18.36 5 5
github.com/aptlogica/sereni-email-smtp/pkg/middleware/cors.go:18.36,21.4 2 1
github.com/aptlogica/sereni-email-smtp/pkg/middleware/cors.go:23.3,23.11 1 4
