mode: atomic
github.com/aptlogica/sereni-email-smtp/internal/config/config.go:28.27,46.2 4 4
github.com/aptlogica/sereni-email-smtp/internal/config/config.go:49.35,51.28 2 4
github.com/aptlogica/sereni-email-smtp/internal/config/config.go:51.28,53.3 1 0
github.com/aptlogica/sereni-email-smtp/internal/config/config.go:54.2,54.28 1 4
github.com/aptlogica/sereni-email-smtp/internal/config/config.go:54.28,56.3 1 0
github.com/aptlogica/sereni-email-smtp/internal/config/config.go:57.2,57.25 1 4
github.com/aptlogica/sereni-email-smtp/internal/config/config.go:57.25,59.3 1 0
github.com/aptlogica/sereni-email-smtp/internal/config/config.go:60.2,60.22 1 4
github.com/aptlogica/sereni-email-smtp/internal/config/config.go:60.22,61.67 1 0
github.com/aptlogica/sereni-email-smtp/internal/config/config.go:65.51,66.19 1 0
github.com/aptlogica/sereni-email-smtp/internal/config/config.go:66.19,68.3 1 0
github.com/aptlogica/sereni-email-smtp/internal/config/config.go:69.2,70.32 2 0
github.com/aptlogica/sereni-email-smtp/internal/config/config.go:70.32,72.3 1 0
github.com/aptlogica/sereni-email-smtp/internal/config/config.go:73.2,73.15 1 0
github.com/aptlogica/sereni-email-smtp/internal/config/config.go:75.46,76.42 1 37
github.com/aptlogica/sereni-email-smtp/internal/config/config.go:76.42,78.3 1 21
github.com/aptlogica/sereni-email-smtp/internal/config/config.go:79.2,79.21 1 16
github.com/aptlogica/sereni-email-smtp/internal/config/config.go:82.52,83.42 1 14
github.com/aptlogica/sereni-email-smtp/internal/config/config.go:83.42,84.55 1 9
github.com/aptlogica/sereni-email-smtp/internal/config/config.go:84.55,86.4 1 7
github.com/aptlogica/sereni-email-smtp/internal/config/config.go:88.2,88.21 1 7
github.com/aptlogica/sereni-email-smtp/internal/email/generate_otp.go:18.27,21.16 3 11317
github.com/aptlogica/sereni-email-smtp/internal/email/generate_otp.go:21.16,24.3 1 0
github.com/aptlogica/sereni-email-smtp/internal/email/generate_otp.go:25.2,25.67 1 11317
github.com/aptlogica/sereni-email-smtp/internal/email/generate_otp.go:29.38,32.2 2 291
github.com/aptlogica/sereni-email-smtp/internal/email/generate_otp.go:35.45,36.27 1 20
github.com/aptlogica/sereni-email-smtp/internal/email/generate_otp.go:36.27,37.23 1 223
github.com/aptlogica/sereni-email-smtp/internal/email/generate_otp.go:37.23,39.4 1 6
github.com/aptlogica/sereni-email-smtp/internal/email/generate_otp.go:41.2,41.13 1 14
github.com/aptlogica/sereni-email-smtp/internal/email/generate_otp.go:45.41,47.2 1 10245
github.com/aptlogica/sereni-email-smtp/internal/email/service.go:23.42,25.2 1 48
github.com/aptlogica/sereni-email-smtp/internal/email/service.go:54.128,66.55 2 79
github.com/aptlogica/sereni-email-smtp/internal/email/service.go:66.55,68.3 1 1
github.com/aptlogica/sereni-email-smtp/internal/email/service.go:71.2,73.16 2 79
github.com/aptlogica/sereni-email-smtp/internal/email/service.go:76.89,78.29 1 72
github.com/aptlogica/sereni-email-smtp/internal/email/service.go:78.29,80.3 1 49
github.com/aptlogica/sereni-email-smtp/internal/email/service.go:81.2,86.26 4 23
github.com/aptlogica/sereni-email-smtp/internal/email/service.go:86.26,88.3 1 25
github.com/aptlogica/sereni-email-smtp/internal/email/service.go:91.2,92.12 2 23
github.com/aptlogica/sereni-email-smtp/internal/email/service.go:92.12,100.3 1 2
github.com/aptlogica/sereni-email-smtp/internal/email/service.go:100.8,108.3 1 21
github.com/aptlogica/sereni-email-smtp/internal/email/service.go:112.2,113.16 2 23
github.com/aptlogica/sereni-email-smtp/internal/email/service.go:113.16,115.3 1 3
github.com/aptlogica/sereni-email-smtp/internal/email/service.go:116.2,119.75 2 20
github.com/aptlogica/sereni-email-smtp/internal/email/service.go:119.75,121.3 1 2
github.com/aptlogica/sereni-email-smtp/internal/email/service.go:124.2,124.39 1 18
github.com/aptlogica/sereni-email-smtp/internal/email/service.go:124.39,126.3 1 2
github.com/aptlogica/sereni-email-smtp/internal/email/service.go:129.2,129.47 1 16
github.com/aptlogica/sereni-email-smtp/internal/email/service.go:129.47,131.3 1 2
github.com/aptlogica/sereni-email-smtp/internal/email/service.go:133.2,133.35 1 14
github.com/aptlogica/sereni-email-smtp/internal/email/service.go:133.35,134.40 1 16
github.com/aptlogica/sereni-email-smtp/internal/email/service.go:134.40,136.4 1 2
github.com/aptlogica/sereni-email-smtp/internal/email/service.go:139.2,140.16 2 12
github.com/aptlogica/sereni-email-smtp/internal/email/service.go:140.16,142.3 1 2
github.com/aptlogica/sereni-email-smtp/internal/email/service.go:144.2,145.16 2 10
github.com/aptlogica/sereni-email-smtp/internal/email/service.go:145.16,147.3 1 2
github.com/aptlogica/sereni-email-smtp/internal/email/service.go:149.2,150.16 2 8
github.com/aptlogica/sereni-email-smtp/internal/email/service.go:150.16,152.3 1 2
github.com/aptlogica/sereni-email-smtp/internal/email/service.go:154.2,154.20 1 6
github.com/aptlogica/sereni-email-smtp/internal/email/service.go:168.113,169.33 1 12
github.com/aptlogica/sereni-email-smtp/internal/email/service.go:169.33,171.3 1 6
github.com/aptlogica/sereni-email-smtp/internal/email/service.go:172.2,179.20 7 6
github.com/aptlogica/sereni-email-smtp/internal/email/service.go:179.20,181.3 1 1
github.com/aptlogica/sereni-email-smtp/internal/email/service.go:182.2,184.39 2 6
github.com/aptlogica/sereni-email-smtp/internal/email/service.go:184.39,185.31 1 19
github.com/aptlogica/sereni-email-smtp/internal/email/service.go:185.31,189.12 4 4
github.com/aptlogica/sereni-email-smtp/internal/email/service.go:191.3,192.25 2 15
github.com/aptlogica/sereni-email-smtp/internal/email/service.go:192.25,195.17 3 15
github.com/aptlogica/sereni-email-smtp/internal/email/service.go:195.17,195.32 1 15
github.com/aptlogica/sereni-email-smtp/internal/email/service.go:197.4,198.18 2 15
github.com/aptlogica/sereni-email-smtp/internal/email/service.go:198.18,202.5 3 3
github.com/aptlogica/sereni-email-smtp/internal/email/service.go:206.2,207.26 2 6
github.com/aptlogica/sereni-email-smtp/internal/email/service.go:210.90,235.16 9 16
github.com/aptlogica/sereni-email-smtp/internal/email/service.go:235.16,237.3 1 4
github.com/aptlogica/sereni-email-smtp/internal/email/service.go:239.2,239.17 1 12
github.com/aptlogica/sereni-email-smtp/internal/email/service.go:242.59,248.47 5 12
github.com/aptlogica/sereni-email-smtp/internal/email/service.go:248.47,250.3 1 8
github.com/aptlogica/sereni-email-smtp/internal/email/service.go:251.2,252.13 2 4
github.com/aptlogica/sereni-email-smtp/internal/email/service.go:255.77,260.28 3 12
github.com/aptlogica/sereni-email-smtp/internal/email/service.go:260.28,261.36 1 3
github.com/aptlogica/sereni-email-smtp/internal/email/service.go:261.36,263.4 1 1
github.com/aptlogica/sereni-email-smtp/internal/email/service.go:264.3,265.17 2 2
github.com/aptlogica/sereni-email-smtp/internal/email/service.go:265.17,267.4 1 1
github.com/aptlogica/sereni-email-smtp/internal/email/service.go:268.3,269.22 2 1
github.com/aptlogica/sereni-email-smtp/internal/email/service.go:272.2,272.64 1 10
github.com/aptlogica/sereni-email-smtp/internal/email/service.go:275.46,279.21 3 79
github.com/aptlogica/sereni-email-smtp/internal/email/service.go:279.21,281.39 2 0
github.com/aptlogica/sereni-email-smtp/internal/email/service.go:281.39,282.38 1 0
github.com/aptlogica/sereni-email-smtp/internal/email/service.go:282.38,284.5 1 0
github.com/aptlogica/sereni-email-smtp/internal/email/service.go:286.3,286.20 1 0
github.com/aptlogica/sereni-email-smtp/internal/email/service.go:290.49,292.2 1 31
github.com/aptlogica/sereni-email-smtp/internal/email/templates.go:120.114,124.13 4 42
github.com/aptlogica/sereni-email-smtp/internal/email/templates.go:124.13,126.3 1 7
github.com/aptlogica/sereni-email-smtp/internal/email/templates.go:129.2,130.9 2 35
github.com/aptlogica/sereni-email-smtp/internal/email/templates.go:130.9,133.17 3 5
github.com/aptlogica/sereni-email-smtp/internal/email/templates.go:133.17,135.4 1 0
github.com/aptlogica/sereni-email-smtp/internal/email/templates.go:137.2,138.57 2 35
github.com/aptlogica/sereni-email-smtp/internal/email/templates.go:138.57,140.3 1 0
github.com/aptlogica/sereni-email-smtp/internal/email/templates.go:143.2,144.9 2 35
github.com/aptlogica/sereni-email-smtp/internal/email/templates.go:144.9,147.17 3 5
github.com/aptlogica/sereni-email-smtp/internal/email/templates.go:147.17,149.4 1 0
github.com/aptlogica/sereni-email-smtp/internal/email/templates.go:151.2,152.57 2 35
github.com/aptlogica/sereni-email-smtp/internal/email/templates.go:152.57,154.3 1 0
github.com/aptlogica/sereni-email-smtp/internal/email/templates.go:156.2,156.48 1 35
github.com/aptlogica/sereni-email-smtp/internal/email/templates.go:160.74,164.2 3 8
github.com/aptlogica/sereni-email-smtp/internal/email/templates.go:167.72,170.2 2 10
github.com/aptlogica/sereni-email-smtp/internal/email/templates.go:173.120,175.16 2 25
github.com/aptlogica/sereni-email-smtp/internal/email/templates.go:175.16,177.3 1 3
github.com/aptlogica/sereni-email-smtp/internal/email/templates.go:179.2,179.50 1 22
github.com/aptlogica/sereni-email-smtp/internal/email/templates.go:183.58,186.40 3 9
github.com/aptlogica/sereni-email-smtp/internal/email/templates.go:186.40,188.3 1 74
github.com/aptlogica/sereni-email-smtp/internal/email/templates.go:189.2,190.18 2 9
github.com/aptlogica/sereni-email-smtp/internal/handlers/email_handler.go:21.33,23.2 1 32
github.com/aptlogica/sereni-email-smtp/internal/handlers/email_handler.go:29.65,31.2 1 20
github.com/aptlogica/sereni-email-smtp/internal/handlers/email_handler.go:44.50,46.47 2 7
github.com/aptlogica/sereni-email-smtp/internal/handlers/email_handler.go:46.47,49.3 2 2
github.com/aptlogica/sereni-email-smtp/internal/handlers/email_handler.go:50.2,50.28 1 5
github.com/aptlogica/sereni-email-smtp/internal/handlers/email_handler.go:50.28,52.3 1 5
github.com/aptlogica/sereni-email-smtp/internal/handlers/email_handler.go:53.2,56.37 3 5
github.com/aptlogica/sereni-email-smtp/internal/handlers/email_handler.go:56.37,59.3 2 0
github.com/aptlogica/sereni-email-smtp/internal/handlers/email_handler.go:60.2,61.16 2 5
github.com/aptlogica/sereni-email-smtp/internal/handlers/email_handler.go:61.16,67.3 2 2
github.com/aptlogica/sereni-email-smtp/internal/handlers/email_handler.go:69.2,72.4 1 3
github.com/aptlogica/sereni-email-smtp/internal/handlers/email_handler.go:86.54,88.47 2 8
github.com/aptlogica/sereni-email-smtp/internal/handlers/email_handler.go:88.47,91.3 2 2
github.com/aptlogica/sereni-email-smtp/internal/handlers/email_handler.go:92.2,92.35 1 6
github.com/aptlogica/sereni-email-smtp/internal/handlers/email_handler.go:92.35,94.3 1 11
github.com/aptlogica/sereni-email-smtp/internal/handlers/email_handler.go:95.2,99.16 4 6
github.com/aptlogica/sereni-email-smtp/internal/handlers/email_handler.go:99.16,105.3 2 2
github.com/aptlogica/sereni-email-smtp/internal/handlers/email_handler.go:107.2,112.27 2 4
github.com/aptlogica/sereni-email-smtp/internal/handlers/email_handler.go:112.27,115.3 2 2
github.com/aptlogica/sereni-email-smtp/internal/handlers/email_handler.go:117.2,117.33 1 4
github.com/aptlogica/sereni-email-smtp/internal/handlers/email_handler.go:131.52,133.47 2 6
github.com/aptlogica/sereni-email-smtp/internal/handlers/email_handler.go:133.47,136.3 2 1
github.com/aptlogica/sereni-email-smtp/internal/handlers/email_handler.go:137.2,138.33 2 5
github.com/aptlogica/sereni-email-smtp/internal/handlers/email_handler.go:138.33,141.3 2 0
github.com/aptlogica/sereni-email-smtp/internal/handlers/email_handler.go:144.2,145.17 2 5
github.com/aptlogica/sereni-email-smtp/internal/handlers/email_handler.go:145.17,147.3 1 2
github.com/aptlogica/sereni-email-smtp/internal/handlers/email_handler.go:150.2,155.4 2 5
github.com/aptlogica/sereni-email-smtp/internal/handlers/email_handler.go:169.50,171.47 2 5
github.com/aptlogica/sereni-email-smtp/internal/handlers/email_handler.go:171.47,174.3 2 1
github.com/aptlogica/sereni-email-smtp/internal/handlers/email_handler.go:176.2,177.14 2 4
github.com/aptlogica/sereni-email-smtp/internal/handlers/email_handler.go:177.14,183.3 2 2
github.com/aptlogica/sereni-email-smtp/internal/handlers/email_handler.go:185.2,188.4 1 2
github.com/aptlogica/sereni-email-smtp/internal/handlers/email_handler.go:198.52,203.2 1 2
github.com/aptlogica/sereni-email-smtp/internal/templatecache/cache.go:21.40,25.2 1 8
github.com/aptlogica/sereni-email-smtp/internal/templatecache/cache.go:27.70,32.2 4 87
github.com/aptlogica/sereni-email-smtp/internal/templatecache/cache.go:34.68,38.2 3 25
github.com/aptlogica/sereni-email-smtp/internal/templatecache/cache.go:40.69,41.35 1 5
github.com/aptlogica/sereni-email-smtp/internal/templatecache/cache.go:41.35,43.17 2 7
github.com/aptlogica/sereni-email-smtp/internal/templatecache/cache.go:43.17,45.4 1 2
github.com/aptlogica/sereni-email-smtp/internal/templatecache/cache.go:46.3,46.21 1 5
github.com/aptlogica/sereni-email-smtp/internal/templatecache/cache.go:48.2,48.12 1 3
github.com/aptlogica/sereni-email-smtp/internal/templatecache/helpers.go:13.93,15.16 2 17
github.com/aptlogica/sereni-email-smtp/internal/templatecache/helpers.go:15.16,17.3 1 2
github.com/aptlogica/sereni-email-smtp/internal/templatecache/helpers.go:18.2,19.18 2 15
github.com/aptlogica/sereni-email-smtp/pkg/middleware/cors.go:11.59,12.30 1 2
github.com/aptlogica/sereni-email-smtp/pkg/middleware/cors.go:12.30,18.36 5 5
github.com/aptlogica/sereni-email-smtp/pkg/middleware/cors.go:18.36,21.4 2 1
github.com/aptlogica/sereni-email-smtp/pkg/middleware/cors.go:23.3,23.11 1 4
